\BOOKMARK [0][-]{chapter.1}{\376\377\000G\000i\000r\000i\001\137\000\040\000v\000e\000\040\000M\000o\000t\000i\000v\000a\000s\000y\000o\000n}{}% 1
\BOOKMARK [1][-]{section.1.1}{\376\377\000M\000i\000x\000e\000d\000\040\000C\000o\000n\000v\000e\000c\000t\000i\000o\000n\000\040\000N\000e\000d\000i\000r\000?}{chapter.1}% 2
\BOOKMARK [1][-]{section.1.2}{\376\377\000G\000\374\000n\000l\000\374\000k\000\040\000H\000a\000y\000a\000t\000t\000a\000n\000\040\000v\000e\000\040\000E\000n\000d\000\374\000s\000t\000r\000i\000d\000e\000n\000\040\000\326\000r\000n\000e\000k\000l\000e\000r}{chapter.1}% 3
\BOOKMARK [2][-]{subsection.1.2.1}{\376\377\000B\000i\000n\000a\000\040\000H\000a\000v\000a\000l\000a\000n\000d\001\061\000r\000m\000a\000\040\000\050\000H\000V\000A\000C\000\051}{section.1.2}% 4
\BOOKMARK [2][-]{subsection.1.2.2}{\376\377\000A\000t\000m\000o\000s\000f\000e\000r\000i\000k\000\040\000S\001\061\000n\001\061\000r\000\040\000T\000a\000b\000a\000k\000a}{section.1.2}% 5
\BOOKMARK [2][-]{subsection.1.2.3}{\376\377\000E\000l\000e\000k\000t\000r\000o\000n\000i\000k\000\040\000S\000o\001\037\000u\000t\000m\000a}{section.1.2}% 6
\BOOKMARK [2][-]{subsection.1.2.4}{\376\377\000N\000\374\000k\000l\000e\000e\000r\000\040\000R\000e\000a\000k\000t\000\366\000r\000\040\000G\000\374\000v\000e\000n\000l\000i\001\037\000i}{section.1.2}% 7
\BOOKMARK [2][-]{subsection.1.2.5}{\376\377\000M\000e\000t\000a\000l\000\040\000D\000\366\000k\000\374\000m\000\040\000v\000e\000\040\000K\000r\000i\000s\000t\000a\000l\000\040\000B\000\374\000y\000\374\000t\000m\000e}{section.1.2}% 8
\BOOKMARK [1][-]{section.1.3}{\376\377\000A\000r\000a\001\137\000t\001\061\000r\000m\000a\000\040\000M\000o\000t\000i\000v\000a\000s\000y\000o\000n\000u}{chapter.1}% 9
\BOOKMARK [1][-]{section.1.4}{\376\377\000G\000e\000l\000e\000n\000e\000k\000s\000e\000l\000\040\000C\000F\000D\000'\000n\000i\000n\000\040\000S\001\061\000n\001\061\000r\000l\000a\000m\000a\000l\000a\000r\001\061}{chapter.1}% 10
\BOOKMARK [2][-]{subsection.1.4.1}{\376\377\000H\000e\000s\000a\000p\000l\000a\000m\000a\000\040\000M\000a\000l\000i\000y\000e\000t\000i}{section.1.4}% 11
\BOOKMARK [2][-]{subsection.1.4.2}{\376\377\000P\000a\000r\000a\000m\000e\000t\000r\000e\000\040\000T\000a\000r\000a\000m\000a\000s\001\061\000\040\000P\000r\000o\000b\000l\000e\000m\000i}{section.1.4}% 12
\BOOKMARK [2][-]{subsection.1.4.3}{\376\377\000G\000e\000n\000e\000l\000l\000e\001\137\000t\000i\000r\000m\000e\000\040\000E\000k\000s\000i\000k\000l\000i\001\037\000i}{section.1.4}% 13
\BOOKMARK [1][-]{section.1.5}{\376\377\000N\000e\000u\000r\000a\000l\000\040\000O\000p\000e\000r\000a\000t\000o\000r\000\040\000Y\000a\000k\000l\000a\001\137\001\061\000m\001\061\000:\000\040\000N\000e\000d\000e\000n\000?}{chapter.1}% 14
\BOOKMARK [1][-]{section.1.6}{\376\377\000B\000u\000\040\000P\000r\000o\000j\000e\000n\000i\000n\000\040\000K\000a\000p\000s\000a\000m\001\061}{chapter.1}% 15
\BOOKMARK [1][-]{section.1.7}{\376\377\000D\000e\000r\000s\000\040\000N\000o\000t\000u\000n\000u\000n\000\040\000O\000r\000g\000a\000n\000i\000z\000a\000s\000y\000o\000n\000u}{chapter.1}% 16
\BOOKMARK [0][-]{chapter.2}{\376\377\000A\000k\001\061\001\137\000k\000a\000n\000l\000a\000r\000\040\000D\000i\000n\000a\000m\000i\001\037\000i\000\040\000T\000e\000m\000e\000l\000l\000e\000r\000i}{}% 17
\BOOKMARK [1][-]{section.2.1}{\376\377\000S\000\374\000r\000e\000k\000l\000i\000l\000i\000k\000\040\000D\000e\000n\000k\000l\000e\000m\000i\000\040\000\050\000K\000\374\000t\000l\000e\000\040\000K\000o\000r\000u\000n\000u\000m\000u\000\051}{chapter.2}% 18
\BOOKMARK [2][-]{subsection.2.1.1}{\376\377\000F\000i\000z\000i\000k\000s\000e\000l\000\040\000P\000r\000e\000n\000s\000i\000p}{section.2.1}% 19
\BOOKMARK [2][-]{subsection.2.1.2}{\376\377\000T\000\374\000r\000e\000t\000m\000e}{section.2.1}% 20
\BOOKMARK [2][-]{subsection.2.1.3}{\376\377\000S\001\061\000k\001\061\001\137\000t\001\061\000r\001\061\000l\000a\000m\000a\000z\000\040\000L\000i\000m\000i\000t}{section.2.1}% 21
\BOOKMARK [1][-]{section.2.2}{\376\377\000N\000a\000v\000i\000e\000r\040\023\000S\000t\000o\000k\000e\000s\000\040\000D\000e\000n\000k\000l\000e\000m\000l\000e\000r\000i\000\040\000\050\000M\000o\000m\000e\000n\000t\000u\000m\000\040\000K\000o\000r\000u\000n\000u\000m\000u\000\051}{chapter.2}% 22
\BOOKMARK [2][-]{subsection.2.2.1}{\376\377\000F\000i\000z\000i\000k\000s\000e\000l\000\040\000P\000r\000e\000n\000s\000i\000p}{section.2.2}% 23
\BOOKMARK [2][-]{subsection.2.2.2}{\376\377\000T\000\374\000r\000e\000t\000m\000e}{section.2.2}% 24
\BOOKMARK [2][-]{subsection.2.2.3}{\376\377\000T\000e\000r\000i\000m\000l\000e\000r\000i\000n\000\040\000F\000i\000z\000i\000k\000s\000e\000l\000\040\000A\000n\000l\000a\000m\000l\000a\000r\001\061}{section.2.2}% 25
\BOOKMARK [2][-]{subsection.2.2.4}{\376\377\000B\000i\000l\000e\001\137\000e\000n\000\040\000F\000o\000r\000m\000u\000\040\000\050\000K\000a\000r\000t\000e\000z\000y\000e\000n\000\051}{section.2.2}% 26
\BOOKMARK [1][-]{section.2.3}{\376\377\000E\000n\000e\000r\000j\000i\000\040\000D\000e\000n\000k\000l\000e\000m\000i\000\040\000\050\000I\000s\001\061\000\040\000T\000a\001\137\001\061\000n\001\061\000m\001\061\000\051}{chapter.2}% 27
\BOOKMARK [2][-]{subsection.2.3.1}{\376\377\000F\000i\000z\000i\000k\000s\000e\000l\000\040\000P\000r\000e\000n\000s\000i\000p}{section.2.3}% 28
\BOOKMARK [2][-]{subsection.2.3.2}{\376\377\000T\000\374\000r\000e\000t\000m\000e}{section.2.3}% 29
\BOOKMARK [1][-]{section.2.4}{\376\377\000S\001\061\000n\001\061\000r\000\040\000K\000o\001\137\000u\000l\000l\000a\000r\001\061}{chapter.2}% 30
\BOOKMARK [2][-]{subsection.2.4.1}{\376\377\000N\000o\000-\000S\000l\000i\000p\000\040\000\050\000K\000a\000y\000m\000a\000z\000l\001\061\000k\000\051\000\040\000K\000o\001\137\000u\000l\000u}{section.2.4}% 31
\BOOKMARK [2][-]{subsection.2.4.2}{\376\377\000P\000e\000r\000i\000y\000o\000d\000i\000k\000\040\000S\001\061\000n\001\061\000r\000\040\000K\000o\001\137\000u\000l\000l\000a\000r\001\061}{section.2.4}% 32
\BOOKMARK [2][-]{subsection.2.4.3}{\376\377\000S\001\061\000c\000a\000k\000l\001\061\000k\000\040\000S\001\061\000n\001\061\000r\000\040\000K\000o\001\137\000u\000l\000l\000a\000r\001\061\000\040\000\050\000D\000i\000r\000i\000c\000h\000l\000e\000t\000\051}{section.2.4}% 33
\BOOKMARK [1][-]{section.2.5}{\376\377\000L\000i\000m\000i\000t\000\040\000D\000u\000r\000u\000m\000l\000a\000r}{chapter.2}% 34
\BOOKMARK [2][-]{subsection.2.5.1}{\376\377\000S\000t\000o\000k\000e\000s\000\040\000A\000k\001\061\001\137\001\061\000\040\000\050\000R\000e\0000\000\051}{section.2.5}% 35
\BOOKMARK [2][-]{subsection.2.5.2}{\376\377\000E\000u\000l\000e\000r\000\040\000D\000e\000n\000k\000l\000e\000m\000l\000e\000r\000i\000\040\000\050\0000\000\051}{section.2.5}% 36
\BOOKMARK [1][-]{section.2.6}{\376\377\000D\000e\000n\000k\000l\000e\000m\000\040\000S\000i\000s\000t\000e\000m\000i\000n\000i\000n\000\040\000\326\000z\000e\000t\000i}{chapter.2}% 37
\BOOKMARK [0][-]{chapter.3}{\376\377\000B\000o\000y\000u\000t\000s\000u\000z\000\040\000A\000n\000a\000l\000i\000z}{}% 38
\BOOKMARK [1][-]{section.3.1}{\376\377\000B\000o\000y\000u\000t\000s\000u\000z\000l\000a\001\137\000t\001\061\000r\000m\000a\000\040\000N\000e\000d\000i\000r\000\040\000v\000e\000\040\000N\000e\000d\000e\000n\000\040\000Y\000a\000p\001\061\000l\001\061\000r\000?}{chapter.3}% 39
\BOOKMARK [1][-]{section.3.2}{\376\377\000B\000u\000c\000k\000i\000n\000g\000h\000a\000m\000\040\000\040\000T\000e\000o\000r\000e\000m\000i}{chapter.3}% 40
\BOOKMARK [1][-]{section.3.3}{\376\377\000B\000o\000y\000u\000t\000s\000u\000z\000l\000a\001\137\000t\001\061\000r\000m\000a\000\040\000P\000r\000o\000c\000e\000d\000\374\000r\000\374}{chapter.3}% 41
\BOOKMARK [2][-]{subsection.3.3.1}{\376\377\000A\000d\001\061\000m\000\040\0001\000:\000\040\000R\000e\000f\000e\000r\000a\000n\000s\000\040\000B\000\374\000y\000\374\000k\000l\000\374\000k\000l\000e\000r\000i\000n\000\040\000S\000e\000\347\000i\000m\000i}{section.3.3}% 42
\BOOKMARK [2][-]{subsection.3.3.2}{\376\377\000A\000d\001\061\000m\000\040\0002\000:\000\040\000B\000o\000y\000u\000t\000s\000u\000z\000\040\000D\000e\001\037\000i\001\137\000k\000e\000n\000l\000e\000r\000i\000n\000\040\000T\000a\000n\001\061\000m\001\061}{section.3.3}% 43
\BOOKMARK [2][-]{subsection.3.3.3}{\376\377\000A\000d\001\061\000m\000\040\0003\000:\000\040\000T\000\374\000r\000e\000v\000l\000e\000r\000i\000n\000\040\000D\000\366\000n\000\374\001\137\000t\000\374\000r\000\374\000l\000m\000e\000s\000i}{section.3.3}% 44
\BOOKMARK [2][-]{subsection.3.3.4}{\376\377\000A\000d\001\061\000m\000\040\0004\000:\000\040\000M\000o\000m\000e\000n\000t\000u\000m\000\040\000D\000e\000n\000k\000l\000e\000m\000i\000n\000i\000n\000\040\000B\000o\000y\000u\000t\000s\000u\000z\000l\000a\001\137\000t\001\061\000r\001\061\000l\000m\000a\000s\001\061}{section.3.3}% 45
\BOOKMARK [2][-]{subsection.3.3.5}{\376\377\000A\000d\001\061\000m\000\040\0005\000:\000\040\000E\000n\000e\000r\000j\000i\000\040\000D\000e\000n\000k\000l\000e\000m\000i\000n\000i\000n\000\040\000B\000o\000y\000u\000t\000s\000u\000z\000l\000a\001\137\000t\001\061\000r\001\061\000l\000m\000a\000s\001\061}{section.3.3}% 46
\BOOKMARK [2][-]{subsection.3.3.6}{\376\377\000A\000d\001\061\000m\000\040\0006\000:\000\040\000B\000o\000y\000u\000t\000s\000u\000z\000\040\000S\000\374\000r\000e\000k\000l\000i\000l\000i\000k}{section.3.3}% 47
\BOOKMARK [1][-]{section.3.4}{\376\377\000B\000o\000y\000u\000t\000s\000u\000z\000\040\000S\000a\000y\001\061\000l\000a\000r\000\040\000v\000e\000\040\000F\000i\000z\000i\000k\000s\000e\000l\000\040\000A\000n\000l\000a\000m\000l\000a\000r\001\061}{chapter.3}% 48
\BOOKMARK [2][-]{subsection.3.4.1}{\376\377\000R\000e\000y\000n\000o\000l\000d\000s\000\040\000S\000a\000y\001\061\000s\001\061\000\040\000\050\000R\000e\000\051}{section.3.4}% 49
\BOOKMARK [2][-]{subsection.3.4.2}{\376\377\000R\000a\000y\000l\000e\000i\000g\000h\000\040\000S\000a\000y\001\061\000s\001\061\000\040\000\050\000R\000a\000\051}{section.3.4}% 50
\BOOKMARK [2][-]{subsection.3.4.3}{\376\377\000P\000r\000a\000n\000d\000t\000l\000\040\000S\000a\000y\001\061\000s\001\061\000\040\000\050\000P\000r\000\051}{section.3.4}% 51
\BOOKMARK [2][-]{subsection.3.4.4}{\376\377\000R\000i\000c\000h\000a\000r\000d\000s\000o\000n\000\040\000S\000a\000y\001\061\000s\001\061\000\040\000\050\000R\000i\000\051}{section.3.4}% 52
\BOOKMARK [2][-]{subsection.3.4.5}{\376\377\000N\000u\000s\000s\000e\000l\000t\000\040\000S\000a\000y\001\061\000s\001\061\000\040\000\050\000N\000u\000\051}{section.3.4}% 53
\BOOKMARK [1][-]{section.3.5}{\376\377\000R\000e\000j\000i\000m\000\040\000H\000a\000r\000i\000t\000a\000s\001\061}{chapter.3}% 54
\BOOKMARK [1][-]{section.3.6}{\376\377\000B\000o\000y\000u\000t\000s\000u\000z\000\040\000D\000e\000n\000k\000l\000e\000m\000\040\000S\000i\000s\000t\000e\000m\000i\000n\000i\000n\000\040\000\326\000z\000e\000t\000i}{chapter.3}% 55
\BOOKMARK [0][-]{chapter.4}{\376\377\000B\000o\000u\000s\000s\000i\000n\000e\000s\000q\000\040\000Y\000a\000k\000l\000a\001\137\001\061\000m\001\061\000\040\000v\000e\000\040\000K\000o\000n\000v\000e\000k\000s\000i\000y\000o\000n}{}% 56
\BOOKMARK [1][-]{section.4.1}{\376\377\000B\000o\000u\000s\000s\000i\000n\000e\000s\000q\000\040\000Y\000a\000k\000l\000a\001\137\001\061\000m\001\061\000\040\000N\000e\000d\000i\000r\000?}{chapter.4}% 57
\BOOKMARK [1][-]{section.4.2}{\376\377\000B\000o\000u\000s\000s\000i\000n\000e\000s\000q\000\040\000D\000e\000n\000k\000l\000e\000m\000l\000e\000r\000i\000n\000i\000n\000\040\000T\000\374\000r\000e\000t\000m\000e\000s\000i}{chapter.4}% 58
\BOOKMARK [1][-]{section.4.3}{\376\377\000R\000a\000y\000l\000e\000i\000g\000h\040\023\000B\000\351\000n\000a\000r\000d\000\040\000K\000o\000n\000v\000e\000k\000s\000i\000y\000o\000n\000u}{chapter.4}% 59
\BOOKMARK [2][-]{subsection.4.3.1}{\376\377\000P\000r\000o\000b\000l\000e\000m\000\040\000T\000a\000n\001\061\000m\001\061}{section.4.3}% 60
\BOOKMARK [2][-]{subsection.4.3.2}{\376\377\000L\000i\000n\000e\000e\000r\000\040\000S\000t\000a\000b\000i\000l\000i\000t\000e\000\040\000A\000n\000a\000l\000i\000z\000i}{section.4.3}% 61
\BOOKMARK [2][-]{subsection.4.3.3}{\376\377\000K\000r\000i\000t\000i\000k\000\040\000R\000a\000y\000l\000e\000i\000g\000h\000\040\000S\000a\000y\001\061\000s\001\061}{section.4.3}% 62
\BOOKMARK [2][-]{subsection.4.3.4}{\376\377\000K\000o\000n\000v\000e\000k\000s\000i\000y\000o\000n\000\040\000Y\000a\000p\001\061\000l\000a\000r\001\061}{section.4.3}% 63
\BOOKMARK [1][-]{section.4.4}{\376\377\000Z\000o\000r\000l\000a\000n\000m\001\061\001\137\000\040\000K\000o\000n\000v\000e\000k\000s\000i\000y\000o\000n}{chapter.4}% 64
\BOOKMARK [2][-]{subsection.4.4.1}{\376\377\000K\000o\000l\000m\000o\000g\000o\000r\000o\000v\000\040\000F\000o\000r\000c\000i\000n\000g}{section.4.4}% 65
\BOOKMARK [1][-]{section.4.5}{\376\377\000M\000i\000x\000e\000d\000\040\000C\000o\000n\000v\000e\000c\000t\000i\000o\000n}{chapter.4}% 66
\BOOKMARK [2][-]{subsection.4.5.1}{\376\377\000F\000i\000z\000i\000k\000s\000e\000l\000\040\000Y\000a\000p\001\061\000l\000a\000r}{section.4.5}% 67
\BOOKMARK [2][-]{subsection.4.5.2}{\376\377\000N\000e\000d\000e\000n\000\040\000Z\000o\000r\000?}{section.4.5}% 68
\BOOKMARK [2][-]{subsection.4.5.3}{\376\377\000L\000i\000t\000e\000r\000a\000t\000\374\000r\000d\000e\000k\000i\000\040\000D\000u\000r\000u\000m}{section.4.5}% 69
\BOOKMARK [1][-]{section.4.6}{\376\377\000N\000o\000n\000-\000B\000o\000u\000s\000s\000i\000n\000e\000s\000q\000\040\000E\000t\000k\000i\000l\000e\000r\000i}{chapter.4}% 70
\BOOKMARK [2][-]{subsection.4.6.1}{\376\377\000B\000o\000u\000s\000s\000i\000n\000e\000s\000q\000'\000i\000n\000\040\000S\001\061\000n\001\061\000r\000l\000a\000r\001\061}{section.4.6}% 71
\BOOKMARK [2][-]{subsection.4.6.2}{\376\377\000N\000e\000\040\000Z\000a\000m\000a\000n\000\040\000G\000e\000r\000e\000k\000i\000r\000?}{section.4.6}% 72
\BOOKMARK [2][-]{subsection.4.6.3}{\376\377\000N\000o\000n\000-\000B\000o\000u\000s\000s\000i\000n\000e\000s\000q\000\040\000D\000e\000n\000k\000l\000e\000m\000l\000e\000r}{section.4.6}% 73
\BOOKMARK [1][-]{section.4.7}{\376\377\000B\000\366\000l\000\374\000m\000\040\000\326\000z\000e\000t\000i}{chapter.4}% 74
\BOOKMARK [0][-]{chapter.5}{\376\377\000S\000p\000e\000c\000t\000r\000a\000l\000\040\000Y\000\366\000n\000t\000e\000m\000l\000e\000r}{}% 75
\BOOKMARK [1][-]{section.5.1}{\376\377\000F\000o\000u\000r\000i\000e\000r\000\040\000S\000e\000r\000i\000l\000e\000r\000i}{chapter.5}% 76
\BOOKMARK [2][-]{subsection.5.1.1}{\376\377\000G\000e\000r\000\347\000e\000l\000\040\000F\000o\000r\000m}{section.5.1}% 77
\BOOKMARK [2][-]{subsection.5.1.2}{\376\377\000K\000o\000m\000p\000l\000e\000k\000s\000\040\000\050\000E\000x\000p\000o\000n\000e\000n\000t\000i\000a\000l\000\051\000\040\000F\000o\000r\000m}{section.5.1}% 78
\BOOKMARK [1][-]{section.5.2}{\376\377\000A\000y\000r\000i\000k\000\040\000F\000o\000u\000r\000i\000e\000r\000\040\000D\000\366\000n\000\374\001\137\000\374\000m\000\374\000\040\000\050\000D\000F\000T\000\051}{chapter.5}% 79
\BOOKMARK [2][-]{subsection.5.2.1}{\376\377\000G\000r\000i\000d\000\040\000T\000a\000n\000i\000m\000l\000a\000m\000a\000s\000i}{section.5.2}% 80
\BOOKMARK [2][-]{subsection.5.2.2}{\376\377\000D\000F\000T\000\040\000T\000a\000n\000i\000m\000i}{section.5.2}% 81
\BOOKMARK [2][-]{subsection.5.2.3}{\376\377\000D\000a\000l\000g\000a\000\040\000S\000a\000y\000i\000l\000a\000r\000i\000\040\000v\000e\000\040\000N\000y\000q\000u\000i\000s\000t\000\040\000F\000r\000e\000k\000a\000n\000s\000i}{section.5.2}% 82
\BOOKMARK [1][-]{section.5.3}{\376\377\000F\000F\000T\000\040\000A\000l\000g\000o\000r\000i\000t\000m\000a\000s\000i}{chapter.5}% 83
\BOOKMARK [2][-]{subsection.5.3.1}{\376\377\000H\000e\000s\000a\000p\000l\000a\000m\000a\000\040\000K\000a\000r\000m\000a\001\137\001\061\000k\000l\001\061\001\037\001\061}{section.5.3}% 84
\BOOKMARK [2][-]{subsection.5.3.2}{\376\377\000C\000o\000o\000l\000e\000y\000-\000T\000u\000k\000e\000y\000\040\000\050\0001\0009\0006\0005\000\051\000:\000\040\000B\000\366\000l\000\040\000v\000e\000\040\000Y\000\366\000n\000e\000t}{section.5.3}% 85
\BOOKMARK [2][-]{subsection.5.3.3}{\376\377\0003\000D\000\040\000F\000F\000T}{section.5.3}% 86
\BOOKMARK [1][-]{section.5.4}{\376\377\000S\000p\000e\000c\000t\000r\000a\000l\000\040\000T\000\374\000r\000e\000v\000\040\000H\000e\000s\000a\000p\000l\000a\000m\000a}{chapter.5}% 87
\BOOKMARK [2][-]{subsection.5.4.1}{\376\377\000T\000e\000m\000e\000l\000\040\000T\000e\000o\000r\000e\000m\000:\000\040\000B\000i\000r\000i\000n\000c\000i\000\040\000T\000\374\000r\000e\000v}{section.5.4}% 88
\BOOKMARK [2][-]{subsection.5.4.2}{\376\377\001\060\000k\000i\000n\000c\000i\000\040\000T\000\374\000r\000e\000v}{section.5.4}% 89
\BOOKMARK [2][-]{subsection.5.4.3}{\376\377\0003\000D\000'\000d\000e\000\040\000G\000r\000a\000d\000i\000e\000n\000t\000\040\000v\000e\000\040\000L\000a\000p\000l\000a\000c\000i\000a\000n}{section.5.4}% 90
\BOOKMARK [2][-]{subsection.5.4.4}{\376\377\000S\000a\000y\000i\000s\000a\000l\000\040\000\326\000r\000n\000e\000k}{section.5.4}% 91
\BOOKMARK [1][-]{section.5.5}{\376\377\000A\000n\000i\000z\000o\000t\000r\000o\000p\000i\000k\000\040\000D\000o\000m\000a\000i\000n}{chapter.5}% 92
\BOOKMARK [2][-]{subsection.5.5.1}{\376\377\000B\000i\000z\000i\000m\000\040\000P\000r\000o\000b\000l\000e\000m\000\040\000G\000e\000o\000m\000e\000t\000r\000i\000s\000i}{section.5.5}% 93
\BOOKMARK [2][-]{subsection.5.5.2}{\376\377\000Y\000\366\000n\000e\000\040\000B\000a\000g\000l\000i\000\040\000D\000a\000l\000g\000a\000\040\000S\000a\000y\000i\000l\000a\000r\000i}{section.5.5}% 94
\BOOKMARK [2][-]{subsection.5.5.3}{\376\377\000P\000y\000T\000o\000r\000c\000h\000\040\000I\000m\000p\000l\000e\000m\000e\000n\000t\000a\000s\000y\000o\000n\000u}{section.5.5}% 95
\BOOKMARK [1][-]{section.5.6}{\376\377\000D\000e\000-\000a\000l\000i\000a\000s\000i\000n\000g}{chapter.5}% 96
\BOOKMARK [2][-]{subsection.5.6.1}{\376\377\000P\000r\000o\000b\000l\000e\000m\000:\000\040\000N\000o\000n\000l\000i\000n\000e\000e\000r\000\040\000T\000e\000r\000i\000m\000l\000e\000r\000d\000e\000\040\000A\000l\000i\000a\000s\000i\000n\000g}{section.5.6}% 97
\BOOKMARK [2][-]{subsection.5.6.2}{\376\377\0002\000/\0003\000\040\000K\000u\000r\000a\000l\000i\000\040\040\024\000\040\000T\000\374\000r\000e\000t\000m\000e}{section.5.6}% 98
\BOOKMARK [2][-]{subsection.5.6.3}{\376\377\0003\000/\0002\000\040\000K\000u\000r\000a\000l\000i\000\040\000\050\000P\000a\000d\000d\000i\000n\000g\000\040\000Y\000\366\000n\000t\000e\000m\000i\000\051}{section.5.6}% 99
\BOOKMARK [2][-]{subsection.5.6.4}{\376\377\000K\000o\000d\000d\000a\000\040\000D\000e\000-\000a\000l\000i\000a\000s\000i\000n\000g}{section.5.6}% 100
\BOOKMARK [1][-]{section.5.7}{\376\377\000P\000o\000i\000s\000s\000o\000n\000\040\000D\000e\000n\000k\000l\000e\000m\000i\000\040\000S\000p\000e\000c\000t\000r\000a\000l\000\040\000\307\000\366\000z\000\374\000m\000\374}{chapter.5}% 101
\BOOKMARK [2][-]{subsection.5.7.1}{\376\377\000P\000r\000o\000b\000l\000e\000m}{section.5.7}% 102
\BOOKMARK [2][-]{subsection.5.7.2}{\376\377\000T\000\374\000r\000e\000t\000m\000e}{section.5.7}% 103
\BOOKMARK [2][-]{subsection.5.7.3}{\376\377\000k\000\040\000=\000\040\0000\000\040\000M\000o\000d\000u}{section.5.7}% 104
\BOOKMARK [2][-]{subsection.5.7.4}{\376\377\000P\000r\000e\000s\000s\000u\000r\000e\000\040\000P\000r\000o\000j\000e\000c\000t\000i\000o\000n\000\040\000\050\000H\000e\000l\000m\000h\000o\000l\000t\000z\000\040\000A\000y\000r\000i\000s\000m\000a\000s\000i\000\051}{section.5.7}% 105
\BOOKMARK [1][-]{section.5.8}{\376\377\000S\000p\000e\000c\000t\000r\000a\000l\000\040\000Y\000\366\000n\000t\000e\000m\000l\000e\000r\000i\000n\000\040\000A\000v\000a\000n\000t\000a\000j\000\040\000v\000e\000\040\000D\000e\000z\000a\000v\000a\000n\000t\000a\000j\000l\000a\000r\000i}{chapter.5}% 106
\BOOKMARK [1][-]{section.5.9}{\376\377\000B\000u\000\040\000B\000\366\000l\000\374\000m\000\374\000n\000\040\000\326\000z\000e\000t\000i}{chapter.5}% 107
\BOOKMARK [0][-]{chapter.6}{\376\377\000T\000\374\000r\000b\000\374\000l\000a\000n\000s\000\040\000v\000e\000\040\000L\000a\000r\000g\000e\000\040\000E\000d\000d\000y\000\040\000S\000i\000m\000u\000l\000a\000t\000i\000o\000n}{}% 108
\BOOKMARK [1][-]{section.6.1}{\376\377\000T\000\374\000r\000b\000\374\000l\000a\000n\000s\000\040\000N\000e\000d\000i\000r\000?}{chapter.6}% 109
\BOOKMARK [2][-]{subsection.6.1.1}{\376\377\000T\000e\000m\000e\000l\000\040\000\326\000z\000e\000l\000l\000i\000k\000l\000e\000r}{section.6.1}% 110
\BOOKMARK [2][-]{subsection.6.1.2}{\376\377\000L\000a\000m\000i\000n\000a\000r\040\023\000T\000\374\000r\000b\000\374\000l\000a\000n\000t\000\040\000G\000e\000\347\000i\001\137}{section.6.1}% 111
\BOOKMARK [1][-]{section.6.2}{\376\377\000K\000o\000l\000m\000o\000g\000o\000r\000o\000v\000\040\000T\000e\000o\000r\000i\000s\000i\000\040\000\050\0001\0009\0004\0001\000\051}{chapter.6}% 112
\BOOKMARK [2][-]{subsection.6.2.1}{\376\377\000T\000e\000m\000e\000l\000\040\000V\000a\000r\000s\000a\000y\000i\000m\000l\000a\000r}{section.6.2}% 113
\BOOKMARK [2][-]{subsection.6.2.2}{\376\377\000E\000n\000e\000r\000j\000i\000\040\000S\000p\000e\000k\000t\000r\000u\000m\000u\000:\000\040\000-\0005\000/\0003\000\040\000Y\000a\000s\000a\000s\000i}{section.6.2}% 114
\BOOKMARK [1][-]{section.6.3}{\376\377\000E\000n\000e\000r\000j\000i\000\040\000K\000a\000s\000k\000a\000d\000i}{chapter.6}% 115
\BOOKMARK [2][-]{subsection.6.3.1}{\376\377\000K\000a\000v\000r\000a\000m\000s\000a\000l\000\040\000R\000e\000s\000i\000m}{section.6.3}% 116
\BOOKMARK [1][-]{section.6.4}{\376\377\000K\000o\000l\000m\000o\000g\000o\000r\000o\000v\000\040\000U\000z\000u\000n\000l\000u\000k\000\040\000\326\000l\000\347\000e\000g\000i}{chapter.6}% 117
\BOOKMARK [2][-]{subsection.6.4.1}{\376\377\000\040\000v\000e\000\040\000R\000e\000\040\001\060\000l\000i\001\137\000k\000i\000s\000i}{section.6.4}% 118
\BOOKMARK [1][-]{section.6.5}{\376\377\000D\000N\000S\000\040\000\050\000D\000i\000r\000e\000c\000t\000\040\000N\000u\000m\000e\000r\000i\000c\000a\000l\000\040\000S\000i\000m\000u\000l\000a\000t\000i\000o\000n\000\051}{chapter.6}% 119
\BOOKMARK [2][-]{subsection.6.5.1}{\376\377\000T\000e\000m\000e\000l\000\040\000F\000i\000k\000i\000r}{section.6.5}% 120
\BOOKMARK [2][-]{subsection.6.5.2}{\376\377\000G\000r\000i\000d\000\040\000G\000e\000r\000e\000k\000s\000i\000n\000i\000m\000l\000e\000r\000i}{section.6.5}% 121
\BOOKMARK [2][-]{subsection.6.5.3}{\376\377\000B\000i\000z\000i\000m\000\040\000D\000N\000S\000'\000i\000m\000i\000z}{section.6.5}% 122
\BOOKMARK [1][-]{section.6.6}{\376\377\000L\000E\000S\000\040\000\050\000L\000a\000r\000g\000e\000\040\000E\000d\000d\000y\000\040\000S\000i\000m\000u\000l\000a\000t\000i\000o\000n\000\051}{chapter.6}% 123
\BOOKMARK [2][-]{subsection.6.6.1}{\376\377\000T\000e\000m\000e\000l\000\040\000F\000i\000k\000i\000r}{section.6.6}% 124
\BOOKMARK [2][-]{subsection.6.6.2}{\376\377\000F\000i\000l\000t\000r\000e\000l\000e\000m\000e}{section.6.6}% 125
\BOOKMARK [2][-]{subsection.6.6.3}{\376\377\000F\000i\000l\000t\000r\000e\000l\000e\000n\000m\000i\000s\000\040\000N\000a\000v\000i\000e\000r\000-\000S\000t\000o\000k\000e\000s\000\040\000D\000e\000n\000k\000l\000e\000m\000l\000e\000r\000i}{section.6.6}% 126
\BOOKMARK [1][-]{section.6.7}{\376\377\000S\000m\000a\000g\000o\000r\000i\000n\000s\000k\000y\000\040\000M\000o\000d\000e\000l\000i}{chapter.6}% 127
\BOOKMARK [2][-]{subsection.6.7.1}{\376\377\000E\000d\000d\000y\000\040\000V\000i\000s\000c\000o\000s\000i\000t\000y\000\040\000H\000i\000p\000o\000t\000e\000z\000i}{section.6.7}% 128
\BOOKMARK [2][-]{subsection.6.7.2}{\376\377\000S\000m\000a\000g\000o\000r\000i\000n\000s\000k\000y\000\040\000F\000o\000r\000m\000u\000l\000a\000s\000y\000o\000n\000u}{section.6.7}% 129
\BOOKMARK [2][-]{subsection.6.7.3}{\376\377\000E\000f\000e\000k\000t\000i\000f\000\040\000V\000i\000s\000k\000o\000z\000i\000t\000e}{section.6.7}% 130
\BOOKMARK [2][-]{subsection.6.7.4}{\376\377\000S\000t\000r\000a\000i\000n\000\040\000R\000a\000t\000e\000\040\000M\000a\000g\000n\000i\000t\000u\000d\000e\000\040\000H\000e\000s\000a\000b\000i}{section.6.7}% 131
\BOOKMARK [1][-]{section.6.8}{\376\377\000I\000N\000N\000A\000T\000E\000'\000t\000e\000\040\000E\000d\000d\000y\000V\000i\000s\000c\000o\000s\000i\000t\000y\0003\000D}{chapter.6}% 132
\BOOKMARK [2][-]{subsection.6.8.1}{\376\377\000N\000o\000r\000o\000n\000\040\000Y\000a\000p\000i\000s\000i}{section.6.8}% 133
\BOOKMARK [2][-]{subsection.6.8.2}{\376\377\000N\000e\000d\000e\000n\000\040\000L\000E\000S\000\040\000Z\000o\000r\000u\000n\000l\000u\000?}{section.6.8}% 134
\BOOKMARK [1][-]{section.6.9}{\376\377\000L\000E\000S\000\040\000\326\000t\000e\000s\000i\000n\000d\000e\000:\000\040\000G\000e\000l\000i\000s\000m\000i\000s\000\040\000S\000G\000S\000\040\000M\000o\000d\000e\000l\000l\000e\000r\000i}{chapter.6}% 135
\BOOKMARK [1][-]{section.6.10}{\376\377\000B\000u\000\040\000B\000\366\000l\000\374\000m\000\374\000n\000\040\000\326\000z\000e\000t\000i}{chapter.6}% 136
\BOOKMARK [0][-]{chapter.7}{\376\377\000N\000e\000u\000r\000a\000l\000\040\000O\000p\000e\000r\000a\000t\000o\000r\000s\000\040\000v\000e\000\040\000I\000N\000N\000A\000T\000E\000\040\000K\000o\000n\000s\000e\000p\000t\000i}{}% 137
\BOOKMARK [1][-]{section.7.1}{\376\377\000G\000e\000l\000e\000n\000e\000k\000s\000e\000l\000\040\000P\000D\000E\000\040\000C\000o\000z\000u\000c\000u\000l\000e\000r\000i}{chapter.7}% 138
\BOOKMARK [2][-]{subsection.7.1.1}{\376\377\000M\000e\000v\000c\000u\000t\000\040\000Y\000o\000n\000t\000e\000m\000l\000e\000r}{section.7.1}% 139
\BOOKMARK [2][-]{subsection.7.1.2}{\376\377\000O\000r\000t\000a\000k\000\040\000S\000o\000r\000u\000n\000:\000\040\000H\000e\000s\000a\000p\000l\000a\000m\000a\000\040\000M\000a\000l\000i\000y\000e\000t\000i}{section.7.1}% 140
\BOOKMARK [1][-]{section.7.2}{\376\377\000V\000e\000r\000i\000-\000G\000u\000d\000u\000m\000l\000u\000\040\000Y\000a\000k\000l\000a\000s\000i\000m\000l\000a\000r}{chapter.7}% 141
\BOOKMARK [2][-]{subsection.7.2.1}{\376\377\000S\000a\000f\000\040\000V\000e\000r\000i\000-\000G\000u\000d\000u\000m\000l\000u\000\040\000M\000o\000d\000e\000l\000l\000e\000r}{section.7.2}% 142
\BOOKMARK [1][-]{section.7.3}{\376\377\000P\000I\000N\000N\000\040\000\050\000P\000h\000y\000s\000i\000c\000s\000-\000I\000n\000f\000o\000r\000m\000e\000d\000\040\000N\000e\000u\000r\000a\000l\000\040\000N\000e\000t\000w\000o\000r\000k\000s\000\051}{chapter.7}% 143
\BOOKMARK [2][-]{subsection.7.3.1}{\376\377\000T\000e\000m\000e\000l\000\040\000F\000i\000k\000i\000r}{section.7.3}% 144
\BOOKMARK [2][-]{subsection.7.3.2}{\376\377\000C\000a\000l\000i\000s\000m\000a\000\040\000P\000r\000e\000n\000s\000i\000b\000i}{section.7.3}% 145
\BOOKMARK [2][-]{subsection.7.3.3}{\376\377\000A\000v\000a\000n\000t\000a\000j\000\040\000v\000e\000\040\000D\000e\000z\000a\000v\000a\000n\000t\000a\000j\000l\000a\000r}{section.7.3}% 146
\BOOKMARK [1][-]{section.7.4}{\376\377\000F\000N\000O\000\040\000\050\000F\000o\000u\000r\000i\000e\000r\000\040\000N\000e\000u\000r\000a\000l\000\040\000O\000p\000e\000r\000a\000t\000o\000r\000\051}{chapter.7}% 147
\BOOKMARK [2][-]{subsection.7.4.1}{\376\377\000T\000e\000m\000e\000l\000\040\000F\000i\000k\000i\000r}{section.7.4}% 148
\BOOKMARK [2][-]{subsection.7.4.2}{\376\377\000F\000N\000O\000\040\000K\000a\000t\000m\000a\000n\000i}{section.7.4}% 149
\BOOKMARK [2][-]{subsection.7.4.3}{\376\377\000A\000v\000a\000n\000t\000a\000j\000\040\000v\000e\000\040\000D\000e\000z\000a\000v\000a\000n\000t\000a\000j\000l\000a\000r}{section.7.4}% 150
\BOOKMARK [1][-]{section.7.5}{\376\377\000D\000e\000e\000p\000O\000N\000e\000t}{chapter.7}% 151
\BOOKMARK [2][-]{subsection.7.5.1}{\376\377\000T\000e\000m\000e\000l\000\040\000F\000i\000k\000i\000r}{section.7.5}% 152
\BOOKMARK [1][-]{section.7.6}{\376\377\000I\000N\000N\000A\000T\000E\000\040\000K\000o\000n\000s\000e\000p\000t\000i}{chapter.7}% 153
\BOOKMARK [2][-]{subsection.7.6.1}{\376\377\000M\000o\000t\000i\000v\000a\000s\000y\000o\000n}{section.7.6}% 154
\BOOKMARK [2][-]{subsection.7.6.2}{\376\377\000T\000e\000m\000e\000l\000\040\000F\000i\000k\000i\000r}{section.7.6}% 155
\BOOKMARK [2][-]{subsection.7.6.3}{\376\377\000A\000g\000\040\000Y\000a\000p\000i\000s\000i\000\040\000=\000\040\000Z\000a\000m\000a\000n\000\040\000A\000d\000i\000m\000i}{section.7.6}% 156
\BOOKMARK [2][-]{subsection.7.6.4}{\376\377\000Y\000o\000r\000u\000m\000l\000a\000n\000a\000b\000i\000l\000i\000r\000l\000i\000k}{section.7.6}% 157
\BOOKMARK [1][-]{section.7.7}{\376\377\000I\000N\000N\000A\000T\000E\000\040\000v\000s\000\040\000D\000i\000g\000e\000r\000l\000e\000r\000i}{chapter.7}% 158
\BOOKMARK [2][-]{subsection.7.7.1}{\376\377\000K\000r\000i\000t\000i\000k\000\040\000F\000a\000r\000k\000l\000a\000r}{section.7.7}% 159
\BOOKMARK [1][-]{section.7.8}{\376\377\000P\000h\000y\000s\000i\000c\000s\000-\000O\000n\000l\000y\000\040\000T\000r\000a\000i\000n\000i\000n\000g}{chapter.7}% 160
\BOOKMARK [2][-]{subsection.7.8.1}{\376\377\000N\000a\000s\000i\000l\000\040\000M\000u\000m\000k\000u\000n\000?}{section.7.8}% 161
\BOOKMARK [2][-]{subsection.7.8.2}{\376\377\000D\000N\000S\000'\000i\000n\000\040\000R\000o\000l\000u}{section.7.8}% 162
\BOOKMARK [1][-]{section.7.9}{\376\377\000I\000N\000N\000A\000T\000E\000'\000i\000n\000\040\000M\000i\000m\000a\000r\000i\000\040\000E\000v\000r\000i\000m\000i}{chapter.7}% 163
\BOOKMARK [2][-]{subsection.7.9.1}{\376\377\000I\000l\000k\000\040\000V\000e\000r\000s\000i\000y\000o\000n\000:\000\040\000P\000I\000N\000N\000-\000I\000N\000N\000A\000T\000E\000\040\000H\000i\000b\000r\000i\000t}{section.7.9}% 164
\BOOKMARK [2][-]{subsection.7.9.2}{\376\377\0006\0003\000\040\000S\000a\000a\000t\000l\000i\000k\000\040\000B\000a\001\137\000a\000r\001\061\000s\001\061\000z\000l\001\061\000k}{section.7.9}% 165
\BOOKMARK [2][-]{subsection.7.9.3}{\376\377\000Y\000e\000n\000i\000\040\000M\000i\000m\000a\000r\000i\000:\000\040\000S\000a\000f\000\040\000I\000N\000N\000A\000T\000E}{section.7.9}% 166
\BOOKMARK [1][-]{section.7.10}{\376\377\000B\000u\000\040\000B\000o\000l\000u\000m\000u\000n\000\040\000O\000z\000e\000t\000i}{chapter.7}% 167
\BOOKMARK [0][-]{chapter.8}{\376\377\000B\000i\000z\000i\000m\000\040\000P\000r\000o\000b\000l\000e\000m\000i\000m\000i\000z\000:\000\040\0003\000D\000\040\000M\000i\000x\000e\000d\000\040\000C\000o\000n\000v\000e\000c\000t\000i\000o\000n}{}% 168
\BOOKMARK [1][-]{section.8.1}{\376\377\000P\000r\000o\000b\000l\000e\000m\000\040\000T\000a\000n\001\061\000m\001\061\000\040\000v\000e\000\040\000G\000e\000o\000m\000e\000t\000r\000i}{chapter.8}% 169
\BOOKMARK [2][-]{subsection.8.1.1}{\376\377\000D\000o\000m\000a\000i\000n}{section.8.1}% 170
\BOOKMARK [2][-]{subsection.8.1.2}{\376\377\000S\001\061\000n\001\061\000r\000\040\000K\000o\001\137\000u\000l\000l\000a\000r\001\061}{section.8.1}% 171
\BOOKMARK [2][-]{subsection.8.1.3}{\376\377\000F\000i\000z\000i\000k\000s\000e\000l\000\040\000S\000e\000n\000a\000r\000y\000o}{section.8.1}% 172
\BOOKMARK [1][-]{section.8.2}{\376\377\000K\000o\000l\000m\000o\000g\000o\000r\000o\000v\000\040\000F\000o\000r\000c\000i\000n\000g}{chapter.8}% 173
\BOOKMARK [2][-]{subsection.8.2.1}{\376\377\000F\000o\000r\000m\000\374\000l\000a\000s\000y\000o\000n}{section.8.2}% 174
\BOOKMARK [2][-]{subsection.8.2.2}{\376\377\000N\000e\000d\000e\000n\000\040\000K\000o\000l\000m\000o\000g\000o\000r\000o\000v\000\040\000F\000o\000r\000c\000i\000n\000g\000?}{section.8.2}% 175
\BOOKMARK [2][-]{subsection.8.2.3}{\376\377\000S\000t\000o\000c\000h\000a\000s\000t\000i\000c\000\040\000M\000o\000d\000:\000\040\000O\000r\000n\000s\000t\000e\000i\000n\040\023\000U\000h\000l\000e\000n\000b\000e\000c\000k\000\040\000S\000\374\000r\000e\000c\000i}{section.8.2}% 176
\BOOKMARK [1][-]{section.8.3}{\376\377\000S\001\061\000c\000a\000k\000l\001\061\000k\000\040\000A\000y\000r\001\061\001\137\000t\001\061\000r\000m\000a\000s\001\061}{chapter.8}% 177
\BOOKMARK [2][-]{subsection.8.3.1}{\376\377\000S\000o\000r\000u\000n\000:\000\040\000P\000e\000r\000i\000y\000o\000d\000i\000k\000\040\000B\000C\000\040\000i\000l\000e\000\040\000S\001\061\000c\000a\000k\000l\001\061\000k\000\040\000\307\000e\000l\000i\001\137\000k\000i\000s\000i}{section.8.3}% 178
\BOOKMARK [2][-]{subsection.8.3.2}{\376\377\000\307\000\366\000z\000\374\000m\000:\000\040\000B\000a\000z\000\040\000P\000r\000o\000f\000i\000l\000\040\000+\000\040\000P\000e\000r\000t\000\374\000r\000b\000a\000s\000y\000o\000n}{section.8.3}% 179
\BOOKMARK [2][-]{subsection.8.3.3}{\376\377\000E\000n\000e\000r\000j\000i\000\040\000D\000e\000n\000k\000l\000e\000m\000i\000n\000e\000\040\000E\000t\000k\000i\000s\000i}{section.8.3}% 180
\BOOKMARK [2][-]{subsection.8.3.4}{\376\377\000P\000r\000a\000t\000i\000k\000t\000e\000\040\000U\000y\000g\000u\000l\000a\000m\000a}{section.8.3}% 181
\BOOKMARK [1][-]{section.8.4}{\376\377\000B\000o\000y\000u\000t\000s\000u\000z\000\040\000D\000e\000n\000k\000l\000e\000m\000\040\000S\000i\000s\000t\000e\000m\000i}{chapter.8}% 182
\BOOKMARK [2][-]{subsection.8.4.1}{\376\377\000M\000o\000m\000e\000n\000t\000u\000m\000\040\000D\000e\000n\000k\000l\000e\000m\000i}{section.8.4}% 183
\BOOKMARK [2][-]{subsection.8.4.2}{\376\377\000S\001\061\000c\000a\000k\000l\001\061\000k\000\040\000P\000e\000r\000t\000\374\000r\000b\000a\000s\000y\000o\000n\000\040\000D\000e\000n\000k\000l\000e\000m\000i}{section.8.4}% 184
\BOOKMARK [2][-]{subsection.8.4.3}{\376\377\000S\000\374\000r\000e\000k\000l\000i\000l\000i\000k\000\040\000D\000e\000n\000k\000l\000e\000m\000i}{section.8.4}% 185
\BOOKMARK [2][-]{subsection.8.4.4}{\376\377\000B\000i\000l\000e\001\137\000e\000n\000\040\000F\000o\000r\000m\000u}{section.8.4}% 186
\BOOKMARK [1][-]{section.8.5}{\376\377\000B\000o\000y\000u\000t\000s\000u\000z\000\040\000S\000a\000y\001\061\000l\000a\000r\000\040\000v\000e\000\040\000P\000a\000r\000a\000m\000e\000t\000r\000e\000\040\000U\000z\000a\000y\001\061}{chapter.8}% 187
\BOOKMARK [2][-]{subsection.8.5.1}{\376\377\000B\000o\000y\000u\000t\000s\000u\000z\000\040\000S\000a\000y\001\061\000l\000a\000r\001\061\000n\000\040\000T\000a\000n\001\061\000m\001\061}{section.8.5}% 188
\BOOKMARK [2][-]{subsection.8.5.2}{\376\377\000R\000i\000c\000h\000a\000r\000d\000s\000o\000n\000\040\000S\000a\000y\001\061\000s\001\061\000\040\000T\000a\000b\000l\000o\000s\000u}{section.8.5}% 189
\BOOKMARK [2][-]{subsection.8.5.3}{\376\377\000R\000e\000j\000i\000m\000\040\000A\000n\000a\000l\000i\000z\000i}{section.8.5}% 190
\BOOKMARK [1][-]{section.8.6}{\376\377\000C\000F\000L\000\040\000K\000o\001\137\000u\000l\000u\000\040\000v\000e\000\040\000Z\000a\000m\000a\000n\000\040\000A\000d\001\061\000m\001\061}{chapter.8}% 191
\BOOKMARK [2][-]{subsection.8.6.1}{\376\377\000C\000F\000L\000\040\000K\000o\001\137\000u\000l\000u}{section.8.6}% 192
\BOOKMARK [2][-]{subsection.8.6.2}{\376\377\000G\000r\000i\000d\000\040\000B\000o\000y\000u\000t\000l\000a\000r\001\061}{section.8.6}% 193
\BOOKMARK [2][-]{subsection.8.6.3}{\376\377\000Z\000a\000m\000a\000n\000\040\000A\000d\001\061\000m\001\061\000\040\000A\000n\000a\000l\000i\000z\000i}{section.8.6}% 194
\BOOKMARK [1][-]{section.8.7}{\376\377\000B\000a\001\137\000l\000a\000n\000g\001\061\000\347\000\040\000K\000o\001\137\000u\000l\000l\000a\000r\001\061}{chapter.8}% 195
\BOOKMARK [2][-]{subsection.8.7.1}{\376\377\000H\001\061\000z\000\040\000A\000l\000a\000n\001\061}{section.8.7}% 196
\BOOKMARK [2][-]{subsection.8.7.2}{\376\377\000S\001\061\000c\000a\000k\000l\001\061\000k\000\040\000A\000l\000a\000n\001\061}{section.8.7}% 197
\BOOKMARK [2][-]{subsection.8.7.3}{\376\377\000B\000a\000s\001\061\000n\000\347\000\040\000A\000l\000a\000n\001\061}{section.8.7}% 198
\BOOKMARK [2][-]{subsection.8.7.4}{\376\377\000S\000p\000i\000n\000-\000U\000p\000\040\000D\000\366\000n\000e\000m\000i}{section.8.7}% 199
\BOOKMARK [1][-]{section.8.8}{\376\377\000B\000\366\000l\000\374\000m\000\040\000\326\000z\000e\000t\000i}{chapter.8}% 200
\BOOKMARK [0][-]{chapter.9}{\376\377\000I\000N\000N\000A\000T\000E\000\040\000M\000i\000m\000a\000r\000i\000s\000i}{}% 201
\BOOKMARK [1][-]{section.9.1}{\376\377\000T\000e\000m\000e\000l\000\040\000P\000r\000e\000n\000s\000i\000p\000:\000\040\000F\000i\000z\000i\000k\000\040\000=\000\040\000A\001\037\000\040\000Y\000a\000p\001\061\000s\001\061}{chapter.9}% 202
\BOOKMARK [1][-]{section.9.2}{\376\377\000N\000\366\000r\000o\000n\000\040\000T\000i\000p\000l\000e\000r\000i}{chapter.9}% 203
\BOOKMARK [2][-]{subsection.9.2.1}{\376\377\000A\000d\000v\000e\000c\000t\000i\000o\000n\0003\000D\000:\000\040\000N\000o\000n\000l\000i\000n\000e\000e\000r\000\040\000K\000o\000n\000v\000e\000k\000s\000i\000y\000o\000n}{section.9.2}% 204
\BOOKMARK [2][-]{subsection.9.2.2}{\376\377\000D\000i\000f\000f\000u\000s\000i\000o\000n\000:\000\040\000V\000i\000s\000k\000\366\000z\000\040\000Y\000a\000y\001\061\000l\000m\000a}{section.9.2}% 205
\BOOKMARK [2][-]{subsection.9.2.3}{\376\377\000E\000d\000d\000y\000V\000i\000s\000c\000o\000s\000i\000t\000y\0003\000D\000:\000\040\000L\000E\000S\000\040\000N\000\366\000r\000o\000n\000u}{section.9.2}% 206
\BOOKMARK [2][-]{subsection.9.2.4}{\376\377\000P\000r\000o\000j\000e\000c\000t\000i\000o\000n\0003\000D\000:\000\040\000S\000\374\000r\000e\000k\000l\000i\000l\000i\000k\000\040\000Z\000o\000r\000l\000a\000m\000a\000s\001\061}{section.9.2}% 207
\BOOKMARK [2][-]{subsection.9.2.5}{\376\377\000F\000o\000r\000c\000i\000n\000g\0003\000D\000:\000\040\000D\001\061\001\137\000\040\000K\000u\000v\000v\000e\000t}{section.9.2}% 208
\BOOKMARK [2][-]{subsection.9.2.6}{\376\377\000B\000u\000o\000y\000a\000n\000c\000y\0003\000D\000:\000\040\000K\000a\000l\000d\001\061\000r\000m\000a\000\040\000K\000u\000v\000v\000e\000t\000i}{section.9.2}% 209
\BOOKMARK [2][-]{subsection.9.2.7}{\376\377\000T\000h\000e\000r\000m\000a\000l\000A\000d\000v\000e\000c\000t\000i\000o\000n\0003\000D\000:\000\040\000S\001\061\000c\000a\000k\000l\001\061\000k\000\040\000A\000d\000v\000e\000k\000s\000i\000y\000o\000n\000u}{section.9.2}% 210
\BOOKMARK [2][-]{subsection.9.2.8}{\376\377\000T\000h\000e\000r\000m\000a\000l\000D\000i\000f\000f\000u\000s\000i\000o\000n\0003\000D\000:\000\040\000S\001\061\000c\000a\000k\000l\001\061\000k\000\040\000D\000i\000f\000\374\000z\000y\000o\000n\000u}{section.9.2}% 211
\BOOKMARK [1][-]{section.9.3}{\376\377\000P\000a\000r\000a\000m\000e\000t\000r\000e\000\040\000T\000a\000b\000l\000o\000s\000u}{chapter.9}% 212
\BOOKMARK [1][-]{section.9.4}{\376\377\000S\000p\000e\000c\000t\000r\000a\000l\000O\000p\000s\0003\000D\000A\000n\000i\000s\000o\000:\000\040\000S\000p\000e\000k\000t\000r\000a\000l\000\040\000O\000p\000e\000r\000a\000t\000\366\000r\000l\000e\000r}{chapter.9}% 213
\BOOKMARK [2][-]{subsection.9.4.1}{\376\377\000N\000e\000d\000e\000n\000\040\000A\000n\000i\000z\000o\000t\000r\000o\000p\000i\000k\000?}{section.9.4}% 214
\BOOKMARK [2][-]{subsection.9.4.2}{\376\377\000T\000e\000m\000e\000l\000\040\000O\000p\000e\000r\000a\000t\000\366\000r\000l\000e\000r}{section.9.4}% 215
\BOOKMARK [2][-]{subsection.9.4.3}{\376\377\000D\000e\000a\000l\000i\000a\000s\000i\000n\000g\000:\000\040\000M\000o\000d\000e\000-\000I\000n\000d\000e\000x\000\040\000v\000e\000\040\000F\000i\000z\000i\000k\000s\000e\000l\000\040\000k}{section.9.4}% 216
\BOOKMARK [1][-]{section.9.5}{\376\377\000F\000o\000r\000w\000a\000r\000d\000\040\000P\000a\000s\000s\000\040\000A\000k\001\061\001\137\001\061}{chapter.9}% 217
\BOOKMARK [2][-]{subsection.9.5.1}{\376\377\000S\000t\000a\000t\000e\000\040\000Y\000a\000p\001\061\000s\001\061}{section.9.5}% 218
\BOOKMARK [2][-]{subsection.9.5.2}{\376\377\000B\000i\000r\000\040\000Z\000a\000m\000a\000n\000\040\000A\000d\001\061\000m\001\061\000n\001\061\000n\000\040\000A\000k\001\061\001\137\001\061}{section.9.5}% 219
\BOOKMARK [1][-]{section.9.6}{\376\377\000Y\000o\000l\000\040\000C\000:\000\040\000L\000o\000k\000a\000l\000-\000A\000d\000a\000p\000t\000i\000f\000\040\000P\000a\000r\000a\000m\000e\000t\000r\000e\000l\000e\000r}{chapter.9}% 220
\BOOKMARK [2][-]{subsection.9.6.1}{\376\377\000L\000o\000k\000a\000l\000\040\000\317\000n\000v\000a\000r\000i\000a\000n\000t\000l\000a\000r}{section.9.6}% 221
\BOOKMARK [2][-]{subsection.9.6.2}{\376\377\000A\000d\000a\000p\000t\000i\000f\000\040\000P\000a\000r\000a\000m\000e\000t\000r\000e\000\040\000F\000o\000r\000m\000\374\000l\000\374}{section.9.6}% 222
\BOOKMARK [2][-]{subsection.9.6.3}{\376\377\000B\000l\000o\000k\000\040\000Y\000a\000p\001\061\000s\001\061}{section.9.6}% 223
\BOOKMARK [2][-]{subsection.9.6.4}{\376\377\000P\000a\000r\000a\000m\000e\000t\000r\000e\000\040\000B\000\374\000t\000\347\000e\000s\000i}{section.9.6}% 224
\BOOKMARK [1][-]{section.9.7}{\376\377\000B\000\366\000l\000\374\000m\000\040\000\326\000z\000e\000t\000i}{chapter.9}% 225
\BOOKMARK [0][-]{chapter.10}{\376\377\000T\000r\000a\000i\000n\000i\000n\000g\000\040\000S\000t\000r\000a\000t\000e\000j\000i\000s\000i}{}% 226
\BOOKMARK [1][-]{section.10.1}{\376\377\000P\000h\000y\000s\000i\000c\000s\000-\000O\000n\000l\000y\000\040\000T\000r\000a\000i\000n\000i\000n\000g\000\040\000P\000r\000e\000n\000s\000i\000b\000i}{chapter.10}% 227
\BOOKMARK [1][-]{section.10.2}{\376\377\000L\000o\000s\000s\000\040\000F\000o\000n\000k\000s\000i\000y\000o\000n\000l\000a\000r\001\061}{chapter.10}% 228
\BOOKMARK [2][-]{subsection.10.2.1}{\376\377\000L\000d\000i\000v\000e\000r\000g\000e\000n\000c\000e\000:\000\040\000K\000\374\000t\000l\000e\000\040\000K\000o\000r\000u\000n\000u\000m\000u}{section.10.2}% 229
\BOOKMARK [2][-]{subsection.10.2.2}{\376\377\000L\000e\000n\000e\000r\000g\000y\000:\000\040\000K\000i\000n\000e\000t\000i\000k\000\040\000E\000n\000e\000r\000j\000i\000\040\000D\000e\000n\000g\000e\000s\000i}{section.10.2}% 230
\BOOKMARK [2][-]{subsection.10.2.3}{\376\377\000L\000s\000p\000e\000c\000t\000r\000u\000m\000:\000\040\000E\000n\000e\000r\000j\000i\000\040\000S\000p\000e\000k\000t\000r\000u\000m\000u}{section.10.2}% 231
\BOOKMARK [2][-]{subsection.10.2.4}{\376\377\000L\000d\000i\000s\000s\000i\000p\000a\000t\000i\000o\000n\000:\000\040\000D\000i\000s\000s\000i\000p\000a\000s\000y\000o\000n\000\040\000T\000u\000t\000a\000r\000l\001\061\000l\001\061\001\037\001\061}{section.10.2}% 232
\BOOKMARK [2][-]{subsection.10.2.5}{\376\377\000L\000n\000u\000s\000s\000e\000l\000t\000:\000\040\000I\000s\001\061\000\040\000T\000r\000a\000n\000s\000f\000e\000r\000i\000\040\000K\001\061\000s\001\061\000t\001\061}{section.10.2}% 233
\BOOKMARK [2][-]{subsection.10.2.6}{\376\377\000L\000t\000h\000e\000r\000m\000a\000l\000:\000\040\000S\001\061\000c\000a\000k\000l\001\061\000k\000\040\000P\000a\000t\000l\000a\000m\000a\000s\000i\000\040\000\326\000n\000l\000e\000m\000e}{section.10.2}% 234
\BOOKMARK [2][-]{subsection.10.2.7}{\376\377\000L\000s\000t\000a\000b\000i\000l\000i\000t\000y\000:\000\040\000E\000n\000s\000t\000r\000o\000p\000h\000y\000\040\000P\000a\000t\000l\000a\000m\000a\000s\000i\000\040\000\326\000n\000l\000e\000m\000e}{section.10.2}% 235
\BOOKMARK [1][-]{section.10.3}{\376\377\000T\000o\000p\000l\000a\000m\000\040\000L\000o\000s\000s}{chapter.10}% 236
\BOOKMARK [1][-]{section.10.4}{\376\377\000C\000u\000r\000r\000i\000c\000u\000l\000u\000m\000\040\000L\000e\000a\000r\000n\000i\000n\000g}{chapter.10}% 237
\BOOKMARK [2][-]{subsection.10.4.1}{\376\377\000F\000a\000z\000\040\000A\000:\000\040\000T\000e\000m\000e\000l\000\040\000F\000i\000z\000i\000k\000\040\000\050\000E\000p\000o\000c\000h\000\040\0000\040\023\0003\0000\0000\0000\000\051}{section.10.4}% 238
\BOOKMARK [2][-]{subsection.10.4.2}{\376\377\000F\000a\000z\000\040\000B\000:\000\040\000E\000n\000e\000r\000j\000i\000\040\000v\000e\000\040\000S\000p\000e\000k\000t\000r\000u\000m\000\040\000\050\000E\000p\000o\000c\000h\000\040\0003\0000\0000\0000\040\023\0008\0000\0000\0000\000\051}{section.10.4}% 239
\BOOKMARK [2][-]{subsection.10.4.3}{\376\377\000F\000a\000z\000\040\000C\000:\000\040\000T\000a\000m\000\040\000F\000i\000z\000i\000k\000\040\000\050\000E\000p\000o\000c\000h\000\040\0008\0000\0000\0000\040\023\0001\0005\0000\0000\0000\000\051}{section.10.4}% 240
\BOOKMARK [2][-]{subsection.10.4.4}{\376\377\000F\000a\000z\000\040\000D\000:\000\040\000N\000o\000n\000-\000B\000o\000u\000s\000s\000i\000n\000e\000s\000q\000\040\000\050\000E\000p\000o\000c\000h\000\040\0001\0005\0000\0000\0000\040\023\0002\0002\0000\0000\0000\000\051}{section.10.4}% 241
\BOOKMARK [1][-]{section.10.5}{\376\377\000R\000e\000/\000R\000a\000\040\000S\000w\000e\000e\000p}{chapter.10}% 242
\BOOKMARK [2][-]{subsection.10.5.1}{\376\377\000M\000e\000k\000a\000n\000i\000z\000m\000a}{section.10.5}% 243
\BOOKMARK [2][-]{subsection.10.5.2}{\376\377\000N\000e\000d\000e\000n\000\040\000R\000a\000n\000d\000o\000m\000i\000z\000e\000?}{section.10.5}% 244
\BOOKMARK [2][-]{subsection.10.5.3}{\376\377\000T\000e\000k\000\040\000M\000o\000d\000e\000l\000,\000\040\0009\000\040\000R\000e\000j\000i\000m}{section.10.5}% 245
\BOOKMARK [1][-]{section.10.6}{\376\377\000O\000p\000t\000i\000m\000i\000z\000e\000r\000\040\000v\000e\000\040\000H\000i\000p\000e\000r\000p\000a\000r\000a\000m\000e\000t\000r\000e\000l\000e\000r}{chapter.10}% 246
\BOOKMARK [2][-]{subsection.10.6.1}{\376\377\000A\000d\000a\000m\000W}{section.10.6}% 247
\BOOKMARK [2][-]{subsection.10.6.2}{\376\377\000L\000e\000a\000r\000n\000i\000n\000g\000\040\000R\000a\000t\000e\000\040\001\136\000e\000m\000a\000s\001\061}{section.10.6}% 248
\BOOKMARK [2][-]{subsection.10.6.3}{\376\377\000G\000r\000a\000d\000i\000e\000n\000t\000\040\000C\000l\000i\000p\000p\000i\000n\000g}{section.10.6}% 249
\BOOKMARK [2][-]{subsection.10.6.4}{\376\377\000B\000a\000t\000c\000h\000\040\000S\000i\000z\000e\000\040\000v\000e\000\040\000U\000n\000r\000o\000l\000l\000i\000n\000g}{section.10.6}% 250
\BOOKMARK [1][-]{section.10.7}{\376\377\0006\0003\000\040\000S\000a\000a\000t\000l\000i\000k\000\040\000B\000a\001\137\000a\000r\001\061\000s\001\061\000z\000\040\000E\001\037\000i\000t\000i\000m\000d\000e\000n\000\040\000D\000e\000r\000s\000l\000e\000r}{chapter.10}% 251
\BOOKMARK [1][-]{section.10.8}{\376\377\000B\000\366\000l\000\374\000m\000\040\000\326\000z\000e\000t\000i}{chapter.10}% 252
\BOOKMARK [0][-]{chapter.11}{\376\377\000D\000N\000S\000\040\000R\000e\000f\000e\000r\000a\000n\000s\000\040\000v\000e\000\040\000V\000a\000l\000i\000d\000a\000s\000y\000o\000n}{}% 253
\BOOKMARK [1][-]{section.11.1}{\376\377\000P\000s\000e\000u\000d\000o\000-\000S\000p\000e\000c\000t\000r\000a\000l\000\040\000D\000N\000S\000\040\000Y\000\366\000n\000t\000e\000m\000i}{chapter.11}% 254
\BOOKMARK [2][-]{subsection.11.1.1}{\376\377\000T\000e\000m\000e\000l\000\040\000P\000r\000e\000n\000s\000i\000p\000:\000\040\000S\000p\000l\000i\000t\000\040\000E\000v\000a\000l\000u\000a\000t\000i\000o\000n}{section.11.1}% 255
\BOOKMARK [2][-]{subsection.11.1.2}{\376\377\000B\000i\000r\000\040\000Z\000a\000m\000a\000n\000\040\000A\000d\001\061\000m\001\061\000n\001\061\000n\000\040\000A\000k\001\061\001\137\001\061}{section.11.1}% 256
\BOOKMARK [2][-]{subsection.11.1.3}{\376\377\000D\000N\000S\000\040\000P\000a\000r\000a\000m\000e\000t\000r\000e\000l\000e\000r\000i}{section.11.1}% 257
\BOOKMARK [1][-]{section.11.2}{\376\377\000D\000N\000S\000\040\000G\000r\000i\000d\000\040\000G\000e\000r\000e\000k\000s\000i\000n\000i\000m\000l\000e\000r\000i\000:\000\040\000K\000o\000l\000m\000o\000g\000o\000r\000o\000v\000\040\000\326\000l\000\347\000e\001\037\000i}{chapter.11}% 258
\BOOKMARK [2][-]{subsection.11.2.1}{\376\377\000K\000o\000l\000m\000o\000g\000o\000r\000o\000v\000\040\000\326\000l\000\347\000e\001\037\000i}{section.11.2}% 259
\BOOKMARK [2][-]{subsection.11.2.2}{\376\377\000D\000N\000S\000\040\000\307\000\366\000z\000\374\000n\000\374\000r\000l\000\374\000k\000\040\000K\000r\000i\000t\000e\000r\000i}{section.11.2}% 260
\BOOKMARK [2][-]{subsection.11.2.3}{\376\377\000\307\000\366\000z\000\374\000n\000\374\000r\000l\000\374\000k\000\040\000T\000a\000b\000l\000o\000s\000u}{section.11.2}% 261
\BOOKMARK [1][-]{section.11.3}{\376\377\000D\000N\000S\000\040\000V\000a\000l\000i\000d\000a\000s\000y\000o\000n\000\040\000R\000u\000n\000\040\000P\000l\000a\000n\001\061}{chapter.11}% 262
\BOOKMARK [2][-]{subsection.11.3.1}{\376\377\000N\000e\000d\000e\000n\000\040\000B\000u\000\040\000P\000a\000r\000a\000m\000e\000t\000r\000e\000l\000e\000r\000?}{section.11.3}% 263
\BOOKMARK [2][-]{subsection.11.3.2}{\376\377\000F\000o\000u\000r\000i\000e\000r\000\040\000D\000o\000w\000n\000s\000a\000m\000p\000l\000i\000n\000g\000:\000\040\000D\000N\000S\000\040\000\040\000I\000N\000N\000A\000T\000E\000\040\000G\000r\000i\000d}{section.11.3}% 264
\BOOKMARK [1][-]{section.11.4}{\376\377\000V\000a\000l\000i\000d\000a\000s\000y\000o\000n\000\040\000M\000e\000t\000r\000i\000k\000l\000e\000r\000i\000\040\000\050\000R\000e\0003\0000\0000\0000\000,\000\040\000D\000N\000S\000\040\000M\000e\000v\000c\000u\000t\000\051}{chapter.11}% 265
\BOOKMARK [2][-]{subsection.11.4.1}{\376\377\000K\000i\000n\000e\000t\000i\000k\000\040\000E\000n\000e\000r\000j\000i\000\040\000E\000v\000r\000i\000m\000i}{section.11.4}% 266
\BOOKMARK [2][-]{subsection.11.4.2}{\376\377\000E\000n\000s\000t\000r\000o\000p\000h\000y\000\040\000E\000v\000r\000i\000m\000i}{section.11.4}% 267
\BOOKMARK [2][-]{subsection.11.4.3}{\376\377\000N\000u\000s\000s\000e\000l\000t\000\040\000S\000a\000y\001\061\000s\001\061}{section.11.4}% 268
\BOOKMARK [2][-]{subsection.11.4.4}{\376\377\000E\000n\000e\000r\000j\000i\000\040\000S\000p\000e\000k\000t\000r\000u\000m\000u}{section.11.4}% 269
\BOOKMARK [2][-]{subsection.11.4.5}{\376\377\000A\000l\000a\000n\000\040\000D\000\374\000z\000e\000y\000i\000n\000d\000e\000\040\000K\000a\000r\001\137\001\061\000l\000a\001\137\000t\001\061\000r\000m\000a}{section.11.4}% 270
\BOOKMARK [1][-]{section.11.5}{\376\377\000F\000i\000z\000i\000k\000s\000e\000l\000\040\000T\000u\000t\000a\000r\000l\001\061\000l\001\061\000k\000\040\000K\000r\000i\000t\000e\000r\000l\000e\000r\000i\000\040\000\050\000R\000e\000=\000\040\0005\0000\0000\0000\040\023\0001\0000\0000\0000\0000\000,\000\040\000D\000N\000S\000\040\000Y\000o\000k\000\051}{chapter.11}% 271
\BOOKMARK [2][-]{subsection.11.5.1}{\376\377\000S\001\061\000k\001\061\001\137\000t\001\061\000r\001\061\000l\000a\000m\000a\000z\000l\001\061\000k\000\040\000\050\000D\000i\000v\000e\000r\000g\000e\000n\000c\000e\000\051}{section.11.5}% 272
\BOOKMARK [2][-]{subsection.11.5.2}{\376\377\000E\000n\000e\000r\000j\000i\000\040\000D\000e\000n\000g\000e\000s\000i}{section.11.5}% 273
\BOOKMARK [2][-]{subsection.11.5.3}{\376\377\000E\000n\000e\000r\000j\000i\000\040\000S\000p\000e\000k\000t\000r\000u\000m\000\040\000E\001\037\000i\000m\000i}{section.11.5}% 274
\BOOKMARK [2][-]{subsection.11.5.4}{\376\377\000N\000u\000s\000s\000e\000l\000t\000\040\000A\000l\000t\000\040\000S\001\061\000n\001\061\000r\001\061}{section.11.5}% 275
\BOOKMARK [2][-]{subsection.11.5.5}{\376\377\000S\000a\000y\001\061\000s\000a\000l\000\040\000S\000t\000a\000b\000i\000l\000i\000t\000e}{section.11.5}% 276
\BOOKMARK [2][-]{subsection.11.5.6}{\376\377\000S\001\061\000c\000a\000k\000l\001\061\000k\000\040\000S\001\061\000n\001\061\000r\000l\000a\000r\001\061}{section.11.5}% 277
\BOOKMARK [2][-]{subsection.11.5.7}{\376\377\000\326\000z\000e\000t\000:\000\040\000K\000r\000i\000t\000e\000r\000l\000e\000r\000i\000n\000\040\000S\001\061\000n\001\061\000f\000l\000a\000n\000d\001\061\000r\001\061\000l\000m\000a\000s\001\061}{section.11.5}% 278
\BOOKMARK [0][-]{chapter.12}{\376\377\000B\000e\000k\000l\000e\000n\000e\000n\000\040\000S\000o\000n\000u\000\347\000l\000a\000r\000\040\000v\000e\000\040\000T\000a\000r\000t\001\061\001\137\000m\000a}{}% 279
\BOOKMARK [1][-]{section.12.1}{\376\377\000F\000a\000r\000k\000l\001\061\000\040\000R\000i\000c\000h\000a\000r\000d\000s\000o\000n\000\040\000R\000e\000j\000i\000m\000l\000e\000r\000i\000n\000d\000e\000\040\000A\000k\001\061\001\137\000\040\000Y\000a\000p\001\061\000l\000a\000r\001\061}{chapter.12}% 280
\BOOKMARK [2][-]{subsection.12.1.1}{\376\377\000R\000i\0001\000:\000\040\000Z\000o\000r\000l\000a\000n\000m\001\061\001\137\000\040\000K\000o\000n\000v\000e\000k\000s\000i\000y\000o\000n\000\040\000B\000a\000s\000k\001\061\000n}{section.12.1}% 281
\BOOKMARK [2][-]{subsection.12.1.2}{\376\377\000R\000i\000O\000\050\0001\000\051\000:\000\040\000G\000e\000r\000\347\000e\000k\000\040\000M\000i\000x\000e\000d\000\040\000K\000o\000n\000v\000e\000k\000s\000i\000y\000o\000n}{section.12.1}% 282
\BOOKMARK [2][-]{subsection.12.1.3}{\376\377\000R\000i\0001\000:\000\040\000K\000a\000l\000d\001\061\000r\000m\000a\000\040\000K\000u\000v\000v\000e\000t\000i\000\040\000B\000a\000s\000k\001\061\000n}{section.12.1}% 283
\BOOKMARK [2][-]{subsection.12.1.4}{\376\377\000B\000e\000k\000l\000e\000n\000e\000n\000\040\000R\000e\000j\000i\000m\000\040\000H\000a\000r\000i\000t\000a\000s\001\061}{section.12.1}% 284
\BOOKMARK [1][-]{section.12.2}{\376\377\000N\000u\000s\000s\000e\000l\000t\000\040\000S\000a\000y\001\061\000s\001\061\000\040\000D\000a\000v\000r\000a\000n\001\061\001\137\001\061}{chapter.12}% 285
\BOOKMARK [2][-]{subsection.12.2.1}{\376\377\000D\000o\001\037\000a\000l\000\040\000K\000o\000n\000v\000e\000k\000s\000i\000y\000o\000n\000\040\000L\000i\000m\000i\000t\000i\000\040\000\050\000R\000i\0001\000\051}{section.12.2}% 286
\BOOKMARK [2][-]{subsection.12.2.2}{\376\377\000Z\000o\000r\000l\000a\000n\000m\001\061\001\137\000\040\000K\000o\000n\000v\000e\000k\000s\000i\000y\000o\000n\000\040\000L\000i\000m\000i\000t\000i\000\040\000\050\000R\000i\0001\000\051}{section.12.2}% 287
\BOOKMARK [2][-]{subsection.12.2.3}{\376\377\000M\000i\000x\000e\000d\000\040\000R\000e\000j\000i\000m\000d\000e\000\040\000B\000i\000r\000l\000e\001\137\000i\000k\000\040\000E\000t\000k\000i}{section.12.2}% 288
\BOOKMARK [1][-]{section.12.3}{\376\377\000E\000n\000e\000r\000j\000i\000\040\000S\000p\000e\000k\000t\000r\000u\000m\000u}{chapter.12}% 289
\BOOKMARK [2][-]{subsection.12.3.1}{\376\377\000K\000o\000l\000m\000o\000g\000o\000r\000o\000v\000\040\000-\0005\000/\0003\000\040\000Y\000a\000s\000a\000s\001\061}{section.12.3}% 290
\BOOKMARK [2][-]{subsection.12.3.2}{\376\377\000L\000E\000S\000\040\000C\000u\000t\000-\000o\000f\000f\000\040\000E\000t\000k\000i\000s\000i}{section.12.3}% 291
\BOOKMARK [2][-]{subsection.12.3.3}{\376\377\000E\000d\000d\000y\000V\000i\000s\000c\000o\000s\000i\000t\000y\0003\000D\000'\000n\000i\000n\000\040\000S\000p\000e\000k\000t\000r\000u\000m\000a\000\040\000E\000t\000k\000i\000s\000i}{section.12.3}% 292
\BOOKMARK [2][-]{subsection.12.3.4}{\376\377\000D\000N\000S\000\040\000v\000s\000\040\000I\000N\000N\000A\000T\000E\000\040\000S\000p\000e\000k\000t\000r\000u\000m\000\040\000K\000a\000r\001\137\001\061\000l\000a\001\137\000t\001\061\000r\000m\000a\000s\001\061}{section.12.3}% 293
\BOOKMARK [1][-]{section.12.4}{\376\377\000B\000o\000u\000s\000s\000i\000n\000e\000s\000q\000\040\000v\000s\000\040\000N\000o\000n\000-\000B\000o\000u\000s\000s\000i\000n\000e\000s\000q\000\040\000K\000a\000r\001\137\001\061\000l\000a\001\137\000t\001\061\000r\000m\000a}{chapter.12}% 294
\BOOKMARK [2][-]{subsection.12.4.1}{\376\377\000P\000a\000r\000a\000m\000e\000t\000r\000e\000\040\000K\000a\000r\001\137\001\061\000l\000a\001\137\000t\001\061\000r\000m\000a\000s\001\061}{section.12.4}% 295
\BOOKMARK [2][-]{subsection.12.4.2}{\376\377\000B\000e\000k\000l\000e\000n\000e\000n\000\040\000F\000i\000z\000i\000k\000s\000e\000l\000\040\000F\000a\000r\000k\000l\000a\000r}{section.12.4}% 296
\BOOKMARK [2][-]{subsection.12.4.3}{\376\377\000I\000N\000N\000A\000T\000E\000'\000t\000e\000\040\000N\000o\000n\000-\000B\000o\000u\000s\000s\000i\000n\000e\000s\000q\000\040\000N\000a\000s\001\061\000l\000\040\000M\000o\000d\000e\000l\000l\000e\000n\000i\000y\000o\000r\000?}{section.12.4}% 297
\BOOKMARK [1][-]{section.12.5}{\376\377\000B\000a\001\137\000a\000r\001\061\000\040\000K\000r\000i\000t\000e\000r\000l\000e\000r\000i}{chapter.12}% 298
\BOOKMARK [2][-]{subsection.12.5.1}{\376\377\000Z\000o\000r\000u\000n\000l\000u\000\040\000K\000r\000i\000t\000e\000r\000l\000e\000r\000\040\000\050\000G\000e\000\347\000/\000K\000a\000l\000\051}{section.12.5}% 299
\BOOKMARK [2][-]{subsection.12.5.2}{\376\377\000H\000e\000d\000e\000f\000\040\000K\000r\000i\000t\000e\000r\000l\000e\000r\000\040\000\050\000B\000a\001\137\000a\000r\001\061\000l\001\061\000\051}{section.12.5}% 300
\BOOKMARK [2][-]{subsection.12.5.3}{\376\377\001\060\000d\000e\000a\000l\000\040\000K\000r\000i\000t\000e\000r\000l\000e\000r\000\040\000\050\000M\000\374\000k\000e\000m\000m\000e\000l\000\051}{section.12.5}% 301
\BOOKMARK [1][-]{section.12.6}{\376\377\000P\000o\000t\000a\000n\000s\000i\000y\000e\000l\000\040\000K\000a\000t\000k\001\061\000l\000a\000r}{chapter.12}% 302
\BOOKMARK [0][-]{chapter.13}{\376\377\000S\000a\000f\000-\000I\000N\000N\000A\000T\000E\000\040\000S\000p\000e\000c\000t\000r\000a\000l\000\040\000M\000i\000m\000a\000r\000i}{}% 303
\BOOKMARK [1][-]{section.13.1}{\376\377\000M\000o\000t\000i\000v\000a\000s\000y\000o\000n\000:\000\040\000M\000L\000P\000'\000n\000i\000n\000\040\000R\000e\000d\000d\000e\000d\000i\000l\000m\000e\000s\000i}{chapter.13}% 304
\BOOKMARK [2][-]{subsection.13.1.1}{\376\377\000B\000e\000r\000k\000e\000'\000n\000i\000n\000\040\000O\000r\000i\000j\000i\000n\000a\000l\000\040\000V\000i\000z\000y\000o\000n\000u}{section.13.1}% 305
\BOOKMARK [2][-]{subsection.13.1.2}{\376\377\000v\0002\000\040\000H\000i\000b\000r\000i\000t\000\040\000M\000i\000m\000a\000r\000i\000n\000i\000n\000\040\000S\000o\000r\000u\000n\000u}{section.13.1}% 306
\BOOKMARK [2][-]{subsection.13.1.3}{\376\377\0009\000\040\000M\000a\000y\001\061\000s\000\040\0002\0000\0002\0006\000\040\000K\000a\000r\000a\000r\001\061}{section.13.1}% 307
\BOOKMARK [1][-]{section.13.2}{\376\377\000K\000l\000a\000s\000i\000k\000\040\000S\000m\000a\000g\000o\000r\000i\000n\000s\000k\000y\000\040\000K\000a\000p\000a\000n\001\061\001\137\001\061\000n\001\061\000n\000\040\000H\000a\000t\001\061\000r\000l\000a\000t\001\061\000l\000m\000a\000s\001\061}{chapter.13}% 308
\BOOKMARK [2][-]{subsection.13.2.1}{\376\377\000E\000d\000d\000y\000-\000V\000i\000s\000c\000o\000s\000i\000t\000y\000\040\000M\000o\000d\000e\000l\000i}{section.13.2}% 309
\BOOKMARK [2][-]{subsection.13.2.2}{\376\377\000T\000e\000r\000m\000a\000l\000\040\000K\000a\000p\000a\000n\001\061\001\137\000:\000\040\000T\000\374\000r\000b\000\374\000l\000a\000n\000s\000l\001\061\000\040\000P\000r\000a\000n\000d\000t\000l\000\040\000S\000a\000y\001\061\000s\001\061}{section.13.2}% 310
\BOOKMARK [2][-]{subsection.13.2.3}{\376\377\000K\000l\000a\000s\000i\000k\000\040\000M\000o\000d\000e\000l\000i\000n\000\040\000K\001\061\000s\001\061\000t\000l\000a\000r\001\061}{section.13.2}% 311
\BOOKMARK [2][-]{subsection.13.2.4}{\376\377\000D\000y\000n\000a\000m\000i\000c\000\040\000S\000m\000a\000g\000o\000r\000i\000n\000s\000k\000y\000\040\000Y\000a\000k\000l\000a\001\137\001\061\000m\001\061}{section.13.2}% 312
\BOOKMARK [1][-]{section.13.3}{\376\377\000S\000p\000e\000c\000t\000r\000a\000l\000C\000s\000F\000i\000e\000l\000d\000\040\000T\000a\000s\000a\000r\001\061\000m\001\061}{chapter.13}% 313
\BOOKMARK [2][-]{subsection.13.3.1}{\376\377\000A\000n\000a\000h\000t\000a\000r\000\040\000F\000i\000k\000i\000r\000:\000\040\000C\000s\000'\000n\000i\000n\000\040\000A\000l\000a\000n\000\040\000O\000l\000a\000r\000a\000k\000\040\000P\000a\000r\000a\000m\000e\000t\000r\000i\000z\000a\000s\000y\000o\000n\000u}{section.13.3}% 314
\BOOKMARK [2][-]{subsection.13.3.2}{\376\377\000M\000o\000d\000a\000l\000\040\000S\000a\000y\001\061\000m\000\040\000v\000e\000\040\000P\000a\000r\000a\000m\000e\000t\000r\000e\000\040\000B\000\374\000t\000\347\000e\000s\000i}{section.13.3}% 315
\BOOKMARK [2][-]{subsection.13.3.3}{\376\377\000\307\001\061\000k\000t\001\061\000\040\000S\001\061\000n\001\061\000r\000l\000a\000n\000d\001\061\000r\000m\000a\000s\001\061}{section.13.3}% 316
\BOOKMARK [1][-]{section.13.4}{\376\377\000F\000i\000z\000i\000k\000s\000e\000l\000\040\000Y\000o\000r\000u\000m\000l\000a\000m\000a}{chapter.13}% 317
\BOOKMARK [2][-]{subsection.13.4.1}{\376\377\000D\000\374\001\137\000\374\000k\000-\000M\000o\000d\000\040\000T\000r\000u\000n\000c\000a\000t\000i\000o\000n\000:\000\040\000F\000i\000z\000i\000k\000s\000e\000l\000\040\000B\000i\000r\000\040\000D\000\374\000z\000e\000n\000l\000i\000l\000e\001\137\000t\000i\000r\000m\000e}{section.13.4}% 318
\BOOKMARK [2][-]{subsection.13.4.2}{\376\377\000K\000a\000t\000m\000a\000n\000-\000B\000a\001\037\001\061\000m\000s\001\061\000z\000\040\000P\000r\000o\000f\000i\000l\000l\000e\000r\000:\000\040\000F\000r\000a\000c\000t\000i\000o\000n\000a\000l\000-\000S\000t\000e\000p\000\040\000H\000e\000t\000e\000r\000o\000j\000e\000n\000l\000i\001\037\000i}{section.13.4}% 319
\BOOKMARK [2][-]{subsection.13.4.3}{\376\377\000D\000C\000\040\000M\000o\000d\000\040\000v\000e\000\040\000B\000a\000z\000\040\000S\000k\000a\000l\000e\000r}{section.13.4}% 320
\BOOKMARK [2][-]{subsection.13.4.4}{\376\377\000P\000e\000r\000-\000K\000a\000t\000m\000a\000n\000\040\000P\000r\000t\000:\000\040\000R\000e\000y\000n\000o\000l\000d\000s\000\040\000A\000n\000a\000l\000o\000j\000i\000s\000i\000n\000i\000n\000\040\000Y\000u\000m\000u\001\137\000a\000t\001\061\000l\000m\000a\000s\001\061}{section.13.4}% 321
\BOOKMARK [1][-]{section.13.5}{\376\377\000F\000o\000r\000w\000a\000r\000d\000\040\000P\000a\000s\000s\000\040\000A\000k\001\061\001\137\001\061}{chapter.13}% 322
\BOOKMARK [2][-]{subsection.13.5.1}{\376\377\000A\000l\000g\000o\000r\000i\000t\000m\000a}{section.13.5}% 323
\BOOKMARK [2][-]{subsection.13.5.2}{\376\377\000K\000o\000d\000\040\000K\000a\000r\001\137\001\061\000l\001\061\001\037\001\061}{section.13.5}% 324
\BOOKMARK [2][-]{subsection.13.5.3}{\376\377\000H\000e\000s\000a\000p\000l\000a\000m\000a\000\040\000K\000a\000r\000m\000a\001\137\001\061\000k\000l\001\061\001\037\001\061}{section.13.5}% 325
\BOOKMARK [2][-]{subsection.13.5.4}{\376\377\000B\000e\000l\000l\000e\000k\000\040\000B\000\374\000t\000\347\000e\000s\000i}{section.13.5}% 326
\BOOKMARK [1][-]{section.13.6}{\376\377\000E\001\037\000i\000t\000i\000m\000\040\000D\000a\000v\000r\000a\000n\001\061\001\137\001\061}{chapter.13}% 327
\BOOKMARK [2][-]{subsection.13.6.1}{\376\377\000B\000a\001\137\000l\000a\000n\000g\001\061\000\347\000\040\000K\000o\001\137\000u\000l\000u}{section.13.6}% 328
\BOOKMARK [2][-]{subsection.13.6.2}{\376\377\000O\000p\000t\000i\000m\000i\000z\000e\000r\000\040\000v\000e\000\040\000L\000o\000s\000s}{section.13.6}% 329
\BOOKMARK [2][-]{subsection.13.6.3}{\376\377\000K\000o\000m\000p\000l\000e\000k\000s\000\040\000T\000e\000n\000s\000\366\000r\000\040\000\334\000z\000e\000r\000i\000n\000d\000e\000n\000\040\000G\000r\000a\000d\000y\000a\000n}{section.13.6}% 330
\BOOKMARK [2][-]{subsection.13.6.4}{\376\377\000S\000a\000y\001\061\000s\000a\000l\000\040\000G\000\374\000v\000e\000n\000l\000i\000k}{section.13.6}% 331
\BOOKMARK [1][-]{section.13.7}{\376\377\000A\000v\000a\000n\000t\000a\000j\000l\000a\000r\000\040\000v\000e\000\040\000S\001\061\000n\001\061\000r\000l\000a\000r}{chapter.13}% 332
\BOOKMARK [2][-]{subsection.13.7.1}{\376\377\000A\000v\000a\000n\000t\000a\000j\000l\000a\000r}{section.13.7}% 333
\BOOKMARK [2][-]{subsection.13.7.2}{\376\377\000S\001\061\000n\001\061\000r\000l\000a\000r\000\040\000\050\000D\000\374\000r\000\374\000s\000t\000\040\000D\000e\001\037\000e\000r\000l\000e\000n\000d\000i\000r\000m\000e\000\051}{section.13.7}% 334
\BOOKMARK [1][-]{section.13.8}{\376\377\000D\000i\001\037\000e\000r\000\040\000S\000a\000f\000-\000I\000N\000N\000A\000T\000E\000\040\000G\000e\000n\000i\001\137\000l\000e\000t\000m\000e\000\040\000S\000e\000\347\000e\000n\000e\000k\000l\000e\000r\000i}{chapter.13}% 335
\BOOKMARK [2][-]{subsection.13.8.1}{\376\377\000A\000.\000\040\000S\000a\000f\000-\000S\000k\000a\000l\000e\000r\000\040\000\050\0002\0000\0000\000\040\000p\000a\000r\000a\000m\000e\000t\000r\000e\000\051}{section.13.8}% 336
\BOOKMARK [2][-]{subsection.13.8.2}{\376\377\000B\000.\000\040\000S\000p\000e\000c\000t\000r\000a\000l\000-\000C\000s\000\040\000\050\0009\000.\0007\000K\000\040\000p\000a\000r\000a\000m\000e\000t\000r\000e\000\051\000\040\040\024\000\040\000S\000e\000\347\000i\000l\000e\000n}{section.13.8}% 337
\BOOKMARK [2][-]{subsection.13.8.3}{\376\377\000C\000.\000\040\000G\000e\000n\000i\001\137\000l\000e\000t\000i\000l\000m\000i\001\137\000\040\000M\000L\000P\000\040\000\050\0001\0000\000K\000\040\000p\000a\000r\000a\000m\000e\000t\000r\000e\000\051}{section.13.8}% 338
\BOOKMARK [2][-]{subsection.13.8.4}{\376\377\000D\000.\000\040\000H\000i\000b\000r\000i\000t\000\040\000\050\000S\000p\000e\000c\000t\000r\000a\000l\000\040\000+\000\040\000S\000k\000a\000l\000e\000r\000\040\000\366\000l\000\347\000e\000k\000\040\000M\000L\000P\000,\000\040\0001\000.\0005\000K\000\051}{section.13.8}% 339
\BOOKMARK [2][-]{subsection.13.8.5}{\376\377\000K\000a\000r\001\137\001\061\000l\000a\001\137\000t\001\061\000r\000m\000a\000\040\000T\000a\000b\000l\000o\000s\000u}{section.13.8}% 340
\BOOKMARK [1][-]{section.13.9}{\376\377\000B\000\366\000l\000\374\000m\000\040\000\326\000z\000e\000t\000i}{chapter.13}% 341
\BOOKMARK [0][-]{appendix.A}{\376\377\000A\000n\000a\000l\000i\000t\000i\000k\000\040\000\307\000\366\000z\000\374\000m\000l\000e\000r}{}% 342
\BOOKMARK [1][-]{section.A.1}{\376\377\000K\000o\000l\000m\000o\000g\000o\000r\000o\000v\000\040\000A\000k\001\061\001\137\001\061\000\040\000\050\000L\000a\000m\000i\000n\000a\000r\000,\000\040\0002\000B\000\051}{appendix.A}% 343
\BOOKMARK [2][-]{subsection.A.1.1}{\376\377\000P\000r\000o\000b\000l\000e\000m\000\040\000T\000a\000n\001\061\000m\001\061}{section.A.1}% 344
\BOOKMARK [2][-]{subsection.A.1.2}{\376\377\000T\000\374\000r\000e\000t\000m\000e}{section.A.1}% 345
\BOOKMARK [2][-]{subsection.A.1.3}{\376\377\000S\000o\000n\000u\000\347}{section.A.1}% 346
\BOOKMARK [2][-]{subsection.A.1.4}{\376\377\001\060\000n\000s\000t\000a\000b\000i\000l\000i\000t\000e\000\040\000E\001\137\000i\001\037\000i}{section.A.1}% 347
\BOOKMARK [1][-]{section.A.2}{\376\377\000R\000a\000y\000l\000e\000i\000g\000h\040\023\000B\000\351\000n\000a\000r\000d\000\040\000L\000i\000n\000e\000e\000r\000\040\000S\000t\000a\000b\000i\000l\000i\000t\000e\000\040\000A\000n\000a\000l\000i\000z\000i}{appendix.A}% 348
\BOOKMARK [2][-]{subsection.A.2.1}{\376\377\000P\000r\000o\000b\000l\000e\000m\000\040\000T\000a\000n\001\061\000m\001\061}{section.A.2}% 349
\BOOKMARK [2][-]{subsection.A.2.2}{\376\377\000T\000e\000m\000e\000l\000\040\000\307\000\366\000z\000\374\000m\000\040\000\050\000H\000a\000r\000e\000k\000e\000t\000s\000i\000z\000\051}{section.A.2}% 350
\BOOKMARK [2][-]{subsection.A.2.3}{\376\377\000P\000e\000r\000t\000u\000r\000b\000a\000s\000y\000o\000n\000l\000a\000r}{section.A.2}% 351
\BOOKMARK [2][-]{subsection.A.2.4}{\376\377\000N\000o\000r\000m\000a\000l\000\040\000M\000o\000d\000\040\000A\000n\000a\000l\000i\000z\000i}{section.A.2}% 352
\BOOKMARK [2][-]{subsection.A.2.5}{\376\377\000F\000r\000e\000e\000-\000F\000r\000e\000e\000\040\000S\001\061\000n\001\061\000r\000\040\000K\000o\001\137\000u\000l\000l\000a\000r\001\061\000\040\000\050\000\307\000\366\000z\000\374\000l\000e\000b\000i\000l\000i\000r\000\040\000D\000u\000r\000u\000m\000\051}{section.A.2}% 353
\BOOKMARK [2][-]{subsection.A.2.6}{\376\377\000R\000i\000g\000i\000d\000-\000R\000i\000g\000i\000d\000\040\000S\001\061\000n\001\061\000r\000\040\000K\000o\001\137\000u\000l\000l\000a\000r\001\061}{section.A.2}% 354
\BOOKMARK [2][-]{subsection.A.2.7}{\376\377\000P\000e\000r\000i\000y\000o\000d\000i\000k\000\040\000S\001\061\000n\001\061\000r\000\040\000K\000o\001\137\000u\000l\000l\000a\000r\001\061\000\040\000\050\000B\000i\000z\000i\000m\000\040\000D\000u\000r\000u\000m\000u\000m\000u\000z\000\051}{section.A.2}% 355
\BOOKMARK [1][-]{section.A.3}{\376\377\0001\000B\000\040\000I\000s\001\061\000\040\001\060\000l\000e\000t\000i\000m\000i}{appendix.A}% 356
\BOOKMARK [2][-]{subsection.A.3.1}{\376\377\000K\000a\000r\000a\000r\000l\001\061\000\040\000H\000a\000l}{section.A.3}% 357
\BOOKMARK [2][-]{subsection.A.3.2}{\376\377\000G\000e\000\347\000i\000c\000i\000\040\000\307\000\366\000z\000\374\000m}{section.A.3}% 358
\BOOKMARK [1][-]{section.A.4}{\376\377\000S\000t\000o\000k\000e\000s\000\040\000A\000k\001\061\001\137\001\061\000\040\000\050\000R\000e\0000\000\040\000L\000i\000m\000i\000t\000i\000\051}{appendix.A}% 359
\BOOKMARK [2][-]{subsection.A.4.1}{\376\377\000P\000r\000o\000b\000l\000e\000m}{section.A.4}% 360
\BOOKMARK [2][-]{subsection.A.4.2}{\376\377\000K\000o\000l\000m\000o\000g\000o\000r\000o\000v\000\040\000F\000o\000r\000c\000i\000n\000g\000\040\000i\000l\000e\000\040\000\307\000\366\000z\000\374\000m}{section.A.4}% 361
\BOOKMARK [1][-]{section.A.5}{\376\377\000E\000n\000e\000r\000j\000i\000\040\000D\000e\000n\000g\000e\000s\000i\000\040\000\050\000A\000n\000a\000l\000i\000t\000i\000k\000\051}{appendix.A}% 362
\BOOKMARK [2][-]{subsection.A.5.1}{\376\377\000K\000i\000n\000e\000t\000i\000k\000\040\000E\000n\000e\000r\000j\000i\000\040\000D\000e\000n\000k\000l\000e\000m\000i\000n\000i\000n\000\040\000T\000\374\000r\000e\000t\000i\000l\000m\000e\000s\000i}{section.A.5}% 363
\BOOKMARK [2][-]{subsection.A.5.2}{\376\377\000L\000a\000m\000i\000n\000e\000r\000\040\000K\000o\000l\000m\000o\000g\000o\000r\000o\000v\000\040\001\060\000\347\000i\000n\000\040\000A\000n\000a\000l\000i\000t\000i\000k\000\040\000D\000e\001\037\000e\000r\000l\000e\000r}{section.A.5}% 364
\BOOKMARK [2][-]{subsection.A.5.3}{\376\377\000T\000\374\000r\000b\000\374\000l\000a\000n\000t\000\040\000R\000e\000j\000i\000m\000:\000\040\000\326\000l\000\347\000e\000k\000l\000e\000n\000m\000e}{section.A.5}% 365
\BOOKMARK [1][-]{section.A.6}{\376\377\000\326\000z\000e\000t\000:\000\040\000A\000n\000a\000l\000i\000t\000i\000k\000\040\000R\000e\000f\000e\000r\000a\000n\000s\000\040\000D\000e\001\037\000e\000r\000l\000e\000r}{appendix.A}% 366
\BOOKMARK [0][-]{appendix.B}{\376\377\000P\000a\000r\000a\000m\000e\000t\000r\000e\000\040\000v\000e\000\040\000S\000e\000m\000b\000o\000l\000\040\000T\000a\000b\000l\000o\000s\000u}{}% 367
\BOOKMARK [1][-]{section.B.1}{\376\377\000F\000i\000z\000i\000k\000s\000e\000l\000\040\000P\000a\000r\000a\000m\000e\000t\000r\000e\000l\000e\000r}{appendix.B}% 368
\BOOKMARK [1][-]{section.B.2}{\376\377\000I\000N\000N\000A\000T\000E\000\040\000N\000\366\000r\000o\000n\000\040\000P\000a\000r\000a\000m\000e\000t\000r\000e\000l\000e\000r\000i}{appendix.B}% 369
\BOOKMARK [1][-]{section.B.3}{\376\377\000B\000o\000y\000u\000t\000s\000u\000z\000\040\000S\000a\000y\001\061\000l\000a\000r}{appendix.B}% 370
\BOOKMARK [2][-]{subsection.B.3.1}{\376\377\000T\000i\000p\000i\000k\000\040\000D\000e\001\037\000e\000r\000l\000e\000r}{section.B.3}% 371
\BOOKMARK [1][-]{section.B.4}{\376\377\000S\000e\000m\000b\000o\000l\000\040\000L\000i\000s\000t\000e\000s\000i}{appendix.B}% 372
\BOOKMARK [1][-]{section.B.5}{\376\377\000K\001\061\000s\000a\000l\000t\000m\000a\000l\000a\000r}{appendix.B}% 373
